INFO:Slither:Compilation warnings/errors on /data/demo_analysis/source_code/0x3f2ef511aa6e75231e4deafc7a3d2ecab3741de2.sol:
/data/demo_analysis/source_code/0x3f2ef511aa6e75231e4deafc7a3d2ecab3741de2.sol:26:3485: Warning: Using contract member "balance" inherited from the address type is deprecated. Convert the contract to "address" type to access the member, for example use "address(contract).balance" instead.
 ... this.balance ... 
     ^----------^
/data/demo_analysis/source_code/0x3f2ef511aa6e75231e4deafc7a3d2ecab3741de2.sol:27:33: Warning: Using contract member "balance" inherited from the address type is deprecated. Convert the contract to "address" type to access the member, for example use "address(contract).balance" instead.
            msg.sender.transfer(this.balance);
                                ^----------^
/data/demo_analysis/source_code/0x3f2ef511aa6e75231e4deafc7a3d2ecab3741de2.sol:36:24: Warning: Using contract member "balance" inherited from the address type is deprecated. Convert the contract to "address" type to access the member, for example use "address(contract).balance" instead.
        Owner.transfer(this.balance);
                       ^----------^
/data/demo_analysis/source_code/0x3f2ef511aa6e75231e4deafc7a3d2ecab3741de2.sol:45:9: Warning: Return value of low-level calls not used.
        adr.call.value(msg.value)(data);
        ^-----------------------------^

INFO:Detectors:[91m
WhaleGiveaway2.redeem (/data/demo_analysis/source_code/0x3f2ef511aa6e75231e4deafc7a3d2ecab3741de2.sol#22-31) sends eth to arbitrary user
	Dangerous calls:
	- msg.sender.transfer(this.balance) (/data/demo_analysis/source_code/0x3f2ef511aa6e75231e4deafc7a3d2ecab3741de2.sol#27-28)
Reference: https://github.com/trailofbits/slither/wiki/Detectors-Documentation#functions-that-send-ether-to-arbitrary-destinations[0m
INFO:Detectors:[92m
WhaleGiveaway2.fallback (/data/demo_analysis/source_code/0x3f2ef511aa6e75231e4deafc7a3d2ecab3741de2.sol#15-21) should be declared external
WhaleGiveaway2.redeem (/data/demo_analysis/source_code/0x3f2ef511aa6e75231e4deafc7a3d2ecab3741de2.sol#22-31) should be declared external
WhaleGiveaway2.withdraw (/data/demo_analysis/source_code/0x3f2ef511aa6e75231e4deafc7a3d2ecab3741de2.sol#32-39) should be declared external
WhaleGiveaway2.Command (/data/demo_analysis/source_code/0x3f2ef511aa6e75231e4deafc7a3d2ecab3741de2.sol#39-47) should be declared external
Reference: https://github.com/trailofbits/slither/wiki/Detectors-Documentation#public-function-that-could-be-declared-as-external[0m
INFO:Detectors:[92m
Detected issues with version pragma in /data/demo_analysis/source_code/0x3f2ef511aa6e75231e4deafc7a3d2ecab3741de2.sol:
	- pragma solidity^0.4.19 (/data/demo_analysis/source_code/0x3f2ef511aa6e75231e4deafc7a3d2ecab3741de2.sol#7-9): it allows old versions
Reference: https://github.com/trailofbits/slither/wiki/Detectors-Documentation#incorrect-version-of-solidity[0m
INFO:Detectors:[92m
Low level call in WhaleGiveaway2.Command (/data/demo_analysis/source_code/0x3f2ef511aa6e75231e4deafc7a3d2ecab3741de2.sol#39-47):
	-adr.call.value(msg.value)(data) /data/demo_analysis/source_code/0x3f2ef511aa6e75231e4deafc7a3d2ecab3741de2.sol
Reference: https://github.com/trailofbits/slither/wiki/Detectors-Documentation#low-level-calls[0m
INFO:Detectors:[92m
Function 'WhaleGiveaway2.Command' (/data/demo_analysis/source_code/0x3f2ef511aa6e75231e4deafc7a3d2ecab3741de2.sol#39-47) is not in mixedCase
Variable 'WhaleGiveaway2.Owner' (/data/demo_analysis/source_code/0x3f2ef511aa6e75231e4deafc7a3d2ecab3741de2.sol#11-12) is not in mixedCase
Constant 'WhaleGiveaway2.minEligibility' (/data/demo_analysis/source_code/0x3f2ef511aa6e75231e4deafc7a3d2ecab3741de2.sol#12-14) is not in UPPER_CASE_WITH_UNDERSCORES
Reference: https://github.com/trailofbits/slither/wiki/Detectors-Documentation#conformance-to-solidity-naming-conventions[0m
INFO:Slither:/data/demo_analysis/source_code/0x3f2ef511aa6e75231e4deafc7a3d2ecab3741de2.sol analyzed (1 contracts), 10 result(s) found