INFO:Slither:Compilation warnings/errors on /data/demo_analysis/source_code/0xaae1f51cf3339f18b6d3f3bdc75a5facd744b0b8.sol:
/data/demo_analysis/source_code/0xaae1f51cf3339f18b6d3f3bdc75a5facd744b0b8.sol:22:24: Warning: "throw" is deprecated in favour of "revert()", "require()" and "assert()".
        if(intitalized)throw;
                       ^---^
/data/demo_analysis/source_code/0xaae1f51cf3339f18b6d3f3bdc75a5facd744b0b8.sol:29:24: Warning: "throw" is deprecated in favour of "revert()", "require()" and "assert()".
        if(intitalized)throw;
                       ^---^

INFO:Detectors:[91m
Reentrancy in DEP_BANK.Collect (/data/demo_analysis/source_code/0xaae1f51cf3339f18b6d3f3bdc75a5facd744b0b8.sol#49-66):
	External calls:
	- msg.sender.call.value(_am)() (/data/demo_analysis/source_code/0xaae1f51cf3339f18b6d3f3bdc75a5facd744b0b8.sol#56-64)
	State variables written after the call(s):
	- balances (/data/demo_analysis/source_code/0xaae1f51cf3339f18b6d3f3bdc75a5facd744b0b8.sol#57)
Reference: https://github.com/trailofbits/slither/wiki/Detectors-Documentation#reentrancy-vulnerabilities[0m
INFO:Detectors:[92m
Deprecated standard detected @ /data/demo_analysis/source_code/0xaae1f51cf3339f18b6d3f3bdc75a5facd744b0b8.sol#23:
	- Usage of "throw" should be replaced with "revert()"
Deprecated standard detected @ /data/demo_analysis/source_code/0xaae1f51cf3339f18b6d3f3bdc75a5facd744b0b8.sol#30:
	- Usage of "throw" should be replaced with "revert()"
Reference: https://github.com/trailofbits/slither/wiki/Detectors-Documentation#deprecated-standards[0m
INFO:Detectors:[92m
DEP_BANK.SetMinSum (/data/demo_analysis/source_code/0xaae1f51cf3339f18b6d3f3bdc75a5facd744b0b8.sol#19-26) should be declared external
DEP_BANK.SetLogFile (/data/demo_analysis/source_code/0xaae1f51cf3339f18b6d3f3bdc75a5facd744b0b8.sol#26-33) should be declared external
DEP_BANK.Initialized (/data/demo_analysis/source_code/0xaae1f51cf3339f18b6d3f3bdc75a5facd744b0b8.sol#34-40) should be declared external
DEP_BANK.Collect (/data/demo_analysis/source_code/0xaae1f51cf3339f18b6d3f3bdc75a5facd744b0b8.sol#49-66) should be declared external
DEP_BANK.fallback (/data/demo_analysis/source_code/0xaae1f51cf3339f18b6d3f3bdc75a5facd744b0b8.sol#67-76) should be declared external
LogFile.AddMessage (/data/demo_analysis/source_code/0xaae1f51cf3339f18b6d3f3bdc75a5facd744b0b8.sol#89-95) should be declared external
Reference: https://github.com/trailofbits/slither/wiki/Detectors-Documentation#public-function-that-could-be-declared-as-external[0m
INFO:Detectors:[92m
Detected issues with version pragma in /data/demo_analysis/source_code/0xaae1f51cf3339f18b6d3f3bdc75a5facd744b0b8.sol:
	- pragma solidity^0.4.19 (/data/demo_analysis/source_code/0xaae1f51cf3339f18b6d3f3bdc75a5facd744b0b8.sol#7-9): it allows old versions
Reference: https://github.com/trailofbits/slither/wiki/Detectors-Documentation#incorrect-version-of-solidity[0m
INFO:Detectors:[92m
Low level call in DEP_BANK.Collect (/data/demo_analysis/source_code/0xaae1f51cf3339f18b6d3f3bdc75a5facd744b0b8.sol#49-66):
	-msg.sender.call.value(_am)() /data/demo_analysis/source_code/0xaae1f51cf3339f18b6d3f3bdc75a5facd744b0b8.sol#56-64
Reference: https://github.com/trailofbits/slither/wiki/Detectors-Documentation#low-level-calls[0m
INFO:Detectors:[92m
Contract 'DEP_BANK' (/data/demo_analysis/source_code/0xaae1f51cf3339f18b6d3f3bdc75a5facd744b0b8.sol#9-76) is not in CapWords
Function 'DEP_BANK.SetMinSum' (/data/demo_analysis/source_code/0xaae1f51cf3339f18b6d3f3bdc75a5facd744b0b8.sol#19-26) is not in mixedCase
Parameter '_val' of DEP_BANK.SetMinSum (/data/demo_analysis/source_code/0xaae1f51cf3339f18b6d3f3bdc75a5facd744b0b8.sol#20-21) is not in mixedCase
Function 'DEP_BANK.SetLogFile' (/data/demo_analysis/source_code/0xaae1f51cf3339f18b6d3f3bdc75a5facd744b0b8.sol#26-33) is not in mixedCase
Parameter '_log' of DEP_BANK.SetLogFile (/data/demo_analysis/source_code/0xaae1f51cf3339f18b6d3f3bdc75a5facd744b0b8.sol#28-29) is not in mixedCase
Function 'DEP_BANK.Initialized' (/data/demo_analysis/source_code/0xaae1f51cf3339f18b6d3f3bdc75a5facd744b0b8.sol#34-40) is not in mixedCase
Function 'DEP_BANK.Deposit' (/data/demo_analysis/source_code/0xaae1f51cf3339f18b6d3f3bdc75a5facd744b0b8.sol#41-48) is not in mixedCase
Function 'DEP_BANK.Collect' (/data/demo_analysis/source_code/0xaae1f51cf3339f18b6d3f3bdc75a5facd744b0b8.sol#49-66) is not in mixedCase
Parameter '_am' of DEP_BANK.Collect (/data/demo_analysis/source_code/0xaae1f51cf3339f18b6d3f3bdc75a5facd744b0b8.sol#51) is not in mixedCase
Variable 'DEP_BANK.MinSum' (/data/demo_analysis/source_code/0xaae1f51cf3339f18b6d3f3bdc75a5facd744b0b8.sol#13-15) is not in mixedCase
Variable 'DEP_BANK.Log' (/data/demo_analysis/source_code/0xaae1f51cf3339f18b6d3f3bdc75a5facd744b0b8.sol#16-17) is not in mixedCase
Function 'LogFile.AddMessage' (/data/demo_analysis/source_code/0xaae1f51cf3339f18b6d3f3bdc75a5facd744b0b8.sol#89-95) is not in mixedCase
Parameter '_adr' of LogFile.AddMessage (/data/demo_analysis/source_code/0xaae1f51cf3339f18b6d3f3bdc75a5facd744b0b8.sol#90) is not in mixedCase
Parameter '_val' of LogFile.AddMessage (/data/demo_analysis/source_code/0xaae1f51cf3339f18b6d3f3bdc75a5facd744b0b8.sol#90) is not in mixedCase
Parameter '_data' of LogFile.AddMessage (/data/demo_analysis/source_code/0xaae1f51cf3339f18b6d3f3bdc75a5facd744b0b8.sol#90-91) is not in mixedCase
Variable 'LogFile.History' (/data/demo_analysis/source_code/0xaae1f51cf3339f18b6d3f3bdc75a5facd744b0b8.sol#86) is not in mixedCase
Variable 'LogFile.LastMsg' (/data/demo_analysis/source_code/0xaae1f51cf3339f18b6d3f3bdc75a5facd744b0b8.sol#87-88) is not in mixedCase
Reference: https://github.com/trailofbits/slither/wiki/Detectors-Documentation#conformance-to-solidity-naming-conventions[0m
INFO:Slither:/data/demo_analysis/source_code/0xaae1f51cf3339f18b6d3f3bdc75a5facd744b0b8.sol analyzed (2 contracts), 28 result(s) found