INFO:Slither:Compilation warnings/errors on /data/demo_analysis/source_code/0xdb1c55f6926e7d847ddf8678905ad871a68199d2.sol:
/data/demo_analysis/source_code/0xdb1c55f6926e7d847ddf8678905ad871a68199d2.sol:20:824: Warning: Using contract member "balance" inherited from the address type is deprecated. Convert the contract to "address" type to access the member, for example use "address(contract).balance" instead.
 ... this.balance ... 
     ^----------^
/data/demo_analysis/source_code/0xdb1c55f6926e7d847ddf8678905ad871a68199d2.sol:21:33: Warning: Using contract member "balance" inherited from the address type is deprecated. Convert the contract to "address" type to access the member, for example use "address(contract).balance" instead.
            msg.sender.transfer(this.balance);
                                ^----------^
/data/demo_analysis/source_code/0xdb1c55f6926e7d847ddf8678905ad871a68199d2.sol:30:24: Warning: Using contract member "balance" inherited from the address type is deprecated. Convert the contract to "address" type to access the member, for example use "address(contract).balance" instead.
        Owner.transfer(this.balance);
                       ^----------^
/data/demo_analysis/source_code/0xdb1c55f6926e7d847ddf8678905ad871a68199d2.sol:39:9: Warning: Return value of low-level calls not used.
        adr.call.value(msg.value)(data);
        ^-----------------------------^

INFO:Detectors:[91m
FreeEth.GetFreebie (/data/demo_analysis/source_code/0xdb1c55f6926e7d847ddf8678905ad871a68199d2.sol#15-25) sends eth to arbitrary user
	Dangerous calls:
	- msg.sender.transfer(this.balance) (/data/demo_analysis/source_code/0xdb1c55f6926e7d847ddf8678905ad871a68199d2.sol#21-22)
Reference: https://github.com/trailofbits/slither/wiki/Detectors-Documentation#functions-that-send-ether-to-arbitrary-destinations[0m
INFO:Detectors:[92m
FreeEth.fallback (/data/demo_analysis/source_code/0xdb1c55f6926e7d847ddf8678905ad871a68199d2.sol#13-15) should be declared external
FreeEth.GetFreebie (/data/demo_analysis/source_code/0xdb1c55f6926e7d847ddf8678905ad871a68199d2.sol#15-25) should be declared external
FreeEth.withdraw (/data/demo_analysis/source_code/0xdb1c55f6926e7d847ddf8678905ad871a68199d2.sol#26-33) should be declared external
FreeEth.Command (/data/demo_analysis/source_code/0xdb1c55f6926e7d847ddf8678905ad871a68199d2.sol#33-41) should be declared external
Reference: https://github.com/trailofbits/slither/wiki/Detectors-Documentation#public-function-that-could-be-declared-as-external[0m
INFO:Detectors:[92m
Detected issues with version pragma in /data/demo_analysis/source_code/0xdb1c55f6926e7d847ddf8678905ad871a68199d2.sol:
	- pragma solidity^0.4.19 (/data/demo_analysis/source_code/0xdb1c55f6926e7d847ddf8678905ad871a68199d2.sol#7-9): it allows old versions
Reference: https://github.com/trailofbits/slither/wiki/Detectors-Documentation#incorrect-version-of-solidity[0m
INFO:Detectors:[92m
Low level call in FreeEth.Command (/data/demo_analysis/source_code/0xdb1c55f6926e7d847ddf8678905ad871a68199d2.sol#33-41):
	-adr.call.value(msg.value)(data) /data/demo_analysis/source_code/0xdb1c55f6926e7d847ddf8678905ad871a68199d2.sol#40-41
Reference: https://github.com/trailofbits/slither/wiki/Detectors-Documentation#low-level-calls[0m
INFO:Detectors:[92m
Function 'FreeEth.GetFreebie' (/data/demo_analysis/source_code/0xdb1c55f6926e7d847ddf8678905ad871a68199d2.sol#15-25) is not in mixedCase
Function 'FreeEth.Command' (/data/demo_analysis/source_code/0xdb1c55f6926e7d847ddf8678905ad871a68199d2.sol#33-41) is not in mixedCase
Variable 'FreeEth.Owner' (/data/demo_analysis/source_code/0xdb1c55f6926e7d847ddf8678905ad871a68199d2.sol#11-13) is not in mixedCase
Reference: https://github.com/trailofbits/slither/wiki/Detectors-Documentation#conformance-to-solidity-naming-conventions[0m
INFO:Slither:/data/demo_analysis/source_code/0xdb1c55f6926e7d847ddf8678905ad871a68199d2.sol analyzed (1 contracts), 10 result(s) found