INFO:Slither:Compilation warnings/errors on /data/demo_analysis/source_code/0x4a66ad0bca2d700f11e1f2fc2c106f7d3264504c.sol:
/data/demo_analysis/source_code/0x4a66ad0bca2d700f11e1f2fc2c106f7d3264504c.sol:19:13: Warning: Return value of low-level calls not used.
            caddress.call(id,from,_tos[i],v[i]*1000000000000000000);
            ^-----------------------------------------------------^

INFO:Detectors:[92m
EBU.transfer has external calls inside a loop:
	- caddress.call(id,from,_tos[i],v[i] * 1000000000000000000) (/data/demo_analysis/source_code/0x4a66ad0bca2d700f11e1f2fc2c106f7d3264504c.sol#19-21)
Reference: https://github.com/trailofbits/slither/wiki/Detectors-Documentation/_edit#calls-inside-a-loop[0m
INFO:Detectors:[92m
EBU.caddress should be constant (/data/demo_analysis/source_code/0x4a66ad0bca2d700f11e1f2fc2c106f7d3264504c.sol#11-13)
EBU.from should be constant (/data/demo_analysis/source_code/0x4a66ad0bca2d700f11e1f2fc2c106f7d3264504c.sol#10-11)
Reference: https://github.com/trailofbits/slither/wiki/Detectors-Documentation#state-variables-that-could-be-declared-constant[0m
INFO:Detectors:[92m
EBU.transfer (/data/demo_analysis/source_code/0x4a66ad0bca2d700f11e1f2fc2c106f7d3264504c.sol#13-23) should be declared external
Reference: https://github.com/trailofbits/slither/wiki/Detectors-Documentation#public-function-that-could-be-declared-as-external[0m
INFO:Detectors:[92m
Detected issues with version pragma in /data/demo_analysis/source_code/0x4a66ad0bca2d700f11e1f2fc2c106f7d3264504c.sol:
	- pragma solidity^0.4.18 (/data/demo_analysis/source_code/0x4a66ad0bca2d700f11e1f2fc2c106f7d3264504c.sol#7-9): it allows old versions
Reference: https://github.com/trailofbits/slither/wiki/Detectors-Documentation#incorrect-version-of-solidity[0m
INFO:Detectors:[92m
Low level call in EBU.transfer (/data/demo_analysis/source_code/0x4a66ad0bca2d700f11e1f2fc2c106f7d3264504c.sol#13-23):
	-caddress.call(id,from,_tos[i],v[i] * 1000000000000000000) /data/demo_analysis/source_code/0x4a66ad0bca2d700f11e1f2fc2c106f7d3264504c.sol#19-21
Reference: https://github.com/trailofbits/slither/wiki/Detectors-Documentation#low-level-calls[0m
INFO:Detectors:[92m
Parameter '_tos' of EBU.transfer (/data/demo_analysis/source_code/0x4a66ad0bca2d700f11e1f2fc2c106f7d3264504c.sol#13) is not in mixedCase
Reference: https://github.com/trailofbits/slither/wiki/Detectors-Documentation#conformance-to-solidity-naming-conventions[0m
INFO:Slither:/data/demo_analysis/source_code/0x4a66ad0bca2d700f11e1f2fc2c106f7d3264504c.sol analyzed (1 contracts), 6 result(s) found