INFO:Slither:Compilation warnings/errors on /data/demo_analysis/source_code/0x39cfd754c85023648bf003bea2dd498c5612abfa.sol:
/data/demo_analysis/source_code/0x39cfd754c85023648bf003bea2dd498c5612abfa.sol:44:27: Warning: "sha3" has been deprecated in favour of "keccak256"
        token.call(bytes4(sha3("transfer(address,uint256)")),to,amount); 
                          ^-------------------------------^
/data/demo_analysis/source_code/0x39cfd754c85023648bf003bea2dd498c5612abfa.sol:44:9: Warning: Return value of low-level calls not used.
        token.call(bytes4(sha3("transfer(address,uint256)")),to,amount); 
        ^-------------------------------------------------------------^
/data/demo_analysis/source_code/0x39cfd754c85023648bf003bea2dd498c5612abfa.sol:61:5: Warning: No visibility specified. Defaulting to "public". 
    function()
    ^ (Relevant source part starts here and spans across multiple lines).
/data/demo_analysis/source_code/0x39cfd754c85023648bf003bea2dd498c5612abfa.sol:67:5: Warning: No visibility specified. Defaulting to "public". 
    function Deposit() 
    ^ (Relevant source part starts here and spans across multiple lines).

INFO:Detectors:[91m
Token.owner (/data/demo_analysis/source_code/0x39cfd754c85023648bf003bea2dd498c5612abfa.sol#39) shadows:
	- Ownable.owner (/data/demo_analysis/source_code/0x39cfd754c85023648bf003bea2dd498c5612abfa.sol#12-14)
Reference: https://github.com/trailofbits/slither/wiki/Detectors-Documentation#state-variable-shadowing[0m
INFO:Detectors:[93m
Contract locking ether found in /data/demo_analysis/source_code/0x39cfd754c85023648bf003bea2dd498c5612abfa.sol:
	Contract TokenBank has payable functions:
	 - fallback (/data/demo_analysis/source_code/0x39cfd754c85023648bf003bea2dd498c5612abfa.sol#67-70)
	 - Deposit (/data/demo_analysis/source_code/0x39cfd754c85023648bf003bea2dd498c5612abfa.sol#70-76)
	 - WithdrawToHolder (/data/demo_analysis/source_code/0x39cfd754c85023648bf003bea2dd498c5612abfa.sol#90-104)
	But does not have a function to withdraw the ether
Reference: https://github.com/trailofbits/slither/wiki/Detectors-Documentation#contracts-that-lock-ether[0m
INFO:Detectors:[92m
Deprecated standard detected @ /data/demo_analysis/source_code/0x39cfd754c85023648bf003bea2dd498c5612abfa.sol#44-50:
	- Usage of "sha3()" should be replaced with "keccak256()"
Reference: https://github.com/trailofbits/slither/wiki/Detectors-Documentation#deprecated-standards[0m
INFO:Detectors:[92m
Ownable.changeOwner (/data/demo_analysis/source_code/0x39cfd754c85023648bf003bea2dd498c5612abfa.sol#14-21) should be declared external
Ownable.confirmOwner (/data/demo_analysis/source_code/0x39cfd754c85023648bf003bea2dd498c5612abfa.sol#21-30) should be declared external
TokenBank.initTokenBank (/data/demo_analysis/source_code/0x39cfd754c85023648bf003bea2dd498c5612abfa.sol#57-65) should be declared external
TokenBank.fallback (/data/demo_analysis/source_code/0x39cfd754c85023648bf003bea2dd498c5612abfa.sol#67-70) should be declared external
TokenBank.WitdrawTokenToHolder (/data/demo_analysis/source_code/0x39cfd754c85023648bf003bea2dd498c5612abfa.sol#77-89) should be declared external
TokenBank.WithdrawToHolder (/data/demo_analysis/source_code/0x39cfd754c85023648bf003bea2dd498c5612abfa.sol#90-104) should be declared external
Reference: https://github.com/trailofbits/slither/wiki/Detectors-Documentation#public-function-that-could-be-declared-as-external[0m
INFO:Detectors:[92m
Detected issues with version pragma in /data/demo_analysis/source_code/0x39cfd754c85023648bf003bea2dd498c5612abfa.sol:
	- pragma solidity^0.4.18 (/data/demo_analysis/source_code/0x39cfd754c85023648bf003bea2dd498c5612abfa.sol#7-9): it allows old versions
Reference: https://github.com/trailofbits/slither/wiki/Detectors-Documentation#incorrect-version-of-solidity[0m
INFO:Detectors:[92m
Low level call in Token.WithdrawToken (/data/demo_analysis/source_code/0x39cfd754c85023648bf003bea2dd498c5612abfa.sol#39-50):
	-token.call(bytes4(sha3()(transfer(address,uint256))),to,amount) /data/demo_analysis/source_code/0x39cfd754c85023648bf003bea2dd498c5612abfa.sol#44-50
Reference: https://github.com/trailofbits/slither/wiki/Detectors-Documentation#low-level-calls[0m
INFO:Detectors:[92m
Function 'Token.WithdrawToken' (/data/demo_analysis/source_code/0x39cfd754c85023648bf003bea2dd498c5612abfa.sol#39-50) is not in mixedCase
Function 'TokenBank.Deposit' (/data/demo_analysis/source_code/0x39cfd754c85023648bf003bea2dd498c5612abfa.sol#70-76) is not in mixedCase
Function 'TokenBank.WitdrawTokenToHolder' (/data/demo_analysis/source_code/0x39cfd754c85023648bf003bea2dd498c5612abfa.sol#77-89) is not in mixedCase
Parameter '_to' of TokenBank.WitdrawTokenToHolder (/data/demo_analysis/source_code/0x39cfd754c85023648bf003bea2dd498c5612abfa.sol#80) is not in mixedCase
Parameter '_token' of TokenBank.WitdrawTokenToHolder (/data/demo_analysis/source_code/0x39cfd754c85023648bf003bea2dd498c5612abfa.sol#80-81) is not in mixedCase
Parameter '_amount' of TokenBank.WitdrawTokenToHolder (/data/demo_analysis/source_code/0x39cfd754c85023648bf003bea2dd498c5612abfa.sol#81-82) is not in mixedCase
Function 'TokenBank.WithdrawToHolder' (/data/demo_analysis/source_code/0x39cfd754c85023648bf003bea2dd498c5612abfa.sol#90-104) is not in mixedCase
Parameter '_addr' of TokenBank.WithdrawToHolder (/data/demo_analysis/source_code/0x39cfd754c85023648bf003bea2dd498c5612abfa.sol#92) is not in mixedCase
Parameter '_wei' of TokenBank.WithdrawToHolder (/data/demo_analysis/source_code/0x39cfd754c85023648bf003bea2dd498c5612abfa.sol#92-93) is not in mixedCase
Variable 'TokenBank.MinDeposit' (/data/demo_analysis/source_code/0x39cfd754c85023648bf003bea2dd498c5612abfa.sol#51-52) is not in mixedCase
Variable 'TokenBank.Holders' (/data/demo_analysis/source_code/0x39cfd754c85023648bf003bea2dd498c5612abfa.sol#53-54) is not in mixedCase
Reference: https://github.com/trailofbits/slither/wiki/Detectors-Documentation#conformance-to-solidity-naming-conventions[0m
INFO:Slither:/data/demo_analysis/source_code/0x39cfd754c85023648bf003bea2dd498c5612abfa.sol analyzed (3 contracts), 22 result(s) found