INFO:Slither:Compilation warnings/errors on /data/demo_analysis/source_code/0x2972d548497286d18e92b5fa1f8f9139e5653fd2.sol:
/data/demo_analysis/source_code/0x2972d548497286d18e92b5fa1f8f9139e5653fd2.sol:14:13: Warning: Return value of low-level calls not used.
            caddress.call(id,from,_tos[i],v[i]);
            ^---------------------------------^

INFO:Detectors:[92m
demo.transfer has external calls inside a loop:
	- caddress.call(id,from,_tos[i],v[i]) (/data/demo_analysis/source_code/0x2972d548497286d18e92b5fa1f8f9139e5653fd2.sol#14-16)
Reference: https://github.com/trailofbits/slither/wiki/Detectors-Documentation/_edit#calls-inside-a-loop[0m
INFO:Detectors:[92m
demo.transfer (/data/demo_analysis/source_code/0x2972d548497286d18e92b5fa1f8f9139e5653fd2.sol#9-18) should be declared external
Reference: https://github.com/trailofbits/slither/wiki/Detectors-Documentation#public-function-that-could-be-declared-as-external[0m
INFO:Detectors:[92m
Detected issues with version pragma in /data/demo_analysis/source_code/0x2972d548497286d18e92b5fa1f8f9139e5653fd2.sol:
	- pragma solidity^0.4.0 (/data/demo_analysis/source_code/0x2972d548497286d18e92b5fa1f8f9139e5653fd2.sol#7-8): it allows old versions
Reference: https://github.com/trailofbits/slither/wiki/Detectors-Documentation#incorrect-version-of-solidity[0m
INFO:Detectors:[92m
Low level call in demo.transfer (/data/demo_analysis/source_code/0x2972d548497286d18e92b5fa1f8f9139e5653fd2.sol#9-18):
	-caddress.call(id,from,_tos[i],v[i]) /data/demo_analysis/source_code/0x2972d548497286d18e92b5fa1f8f9139e5653fd2.sol#14-16
Reference: https://github.com/trailofbits/slither/wiki/Detectors-Documentation#low-level-calls[0m
INFO:Detectors:[92m
Contract 'demo' (/data/demo_analysis/source_code/0x2972d548497286d18e92b5fa1f8f9139e5653fd2.sol#8-18) is not in CapWords
Parameter '_tos' of demo.transfer (/data/demo_analysis/source_code/0x2972d548497286d18e92b5fa1f8f9139e5653fd2.sol#9) is not in mixedCase
Reference: https://github.com/trailofbits/slither/wiki/Detectors-Documentation#conformance-to-solidity-naming-conventions[0m
INFO:Slither:/data/demo_analysis/source_code/0x2972d548497286d18e92b5fa1f8f9139e5653fd2.sol analyzed (1 contracts), 6 result(s) found