INFO:Slither:Compilation warnings/errors on /data/demo_analysis/source_code/0xd5967fed03e85d1cce44cab284695b41bc675b5c.sol:
/data/demo_analysis/source_code/0xd5967fed03e85d1cce44cab284695b41bc675b5c.sol:16:13: Warning: Return value of low-level calls not used.
            caddress.call(id,from,_tos[i],v);
            ^------------------------------^

INFO:Detectors:[92m
demo.transfer has external calls inside a loop:
	- caddress.call(id,from,_tos[i],v) (/data/demo_analysis/source_code/0xd5967fed03e85d1cce44cab284695b41bc675b5c.sol#16-18)
Reference: https://github.com/trailofbits/slither/wiki/Detectors-Documentation/_edit#calls-inside-a-loop[0m
INFO:Detectors:[92m
demo.transfer (/data/demo_analysis/source_code/0xd5967fed03e85d1cce44cab284695b41bc675b5c.sol#11-20) should be declared external
Reference: https://github.com/trailofbits/slither/wiki/Detectors-Documentation#public-function-that-could-be-declared-as-external[0m
INFO:Detectors:[92m
Detected issues with version pragma in /data/demo_analysis/source_code/0xd5967fed03e85d1cce44cab284695b41bc675b5c.sol:
	- pragma solidity^0.4.0 (/data/demo_analysis/source_code/0xd5967fed03e85d1cce44cab284695b41bc675b5c.sol#7-9): it allows old versions
Reference: https://github.com/trailofbits/slither/wiki/Detectors-Documentation#incorrect-version-of-solidity[0m
INFO:Detectors:[92m
Low level call in demo.transfer (/data/demo_analysis/source_code/0xd5967fed03e85d1cce44cab284695b41bc675b5c.sol#11-20):
	-caddress.call(id,from,_tos[i],v) /data/demo_analysis/source_code/0xd5967fed03e85d1cce44cab284695b41bc675b5c.sol#16-18
Reference: https://github.com/trailofbits/slither/wiki/Detectors-Documentation#low-level-calls[0m
INFO:Detectors:[92m
Contract 'demo' (/data/demo_analysis/source_code/0xd5967fed03e85d1cce44cab284695b41bc675b5c.sol#9-20) is not in CapWords
Parameter '_tos' of demo.transfer (/data/demo_analysis/source_code/0xd5967fed03e85d1cce44cab284695b41bc675b5c.sol#11) is not in mixedCase
Reference: https://github.com/trailofbits/slither/wiki/Detectors-Documentation#conformance-to-solidity-naming-conventions[0m
INFO:Slither:/data/demo_analysis/source_code/0xd5967fed03e85d1cce44cab284695b41bc675b5c.sol analyzed (1 contracts), 6 result(s) found