INFO:Slither:Compilation warnings/errors on /data/demo_analysis/source_code/0x941d225236464a25eb18076df7da6a91d0f95e9e.sol:
/data/demo_analysis/source_code/0x941d225236464a25eb18076df7da6a91d0f95e9e.sol:19:5: Warning: Defining constructors as functions with the same name as the contract is deprecated. Use "constructor(...) { ... }" instead.
    function ETH_FUND(address _log)
    ^ (Relevant source part starts here and spans across multiple lines).

INFO:Detectors:[91m
Reentrancy in ETH_FUND.CashOut (/data/demo_analysis/source_code/0x941d225236464a25eb18076df7da6a91d0f95e9e.sol#38-55):
	External calls:
	- msg.sender.call.value(_am)() (/data/demo_analysis/source_code/0x941d225236464a25eb18076df7da6a91d0f95e9e.sol#45-52)
	State variables written after the call(s):
	- balances (/data/demo_analysis/source_code/0x941d225236464a25eb18076df7da6a91d0f95e9e.sol#47)
Reference: https://github.com/trailofbits/slither/wiki/Detectors-Documentation#reentrancy-vulnerabilities[0m
INFO:Detectors:[92m
Reentrancy in ETH_FUND.Deposit (/data/demo_analysis/source_code/0x941d225236464a25eb18076df7da6a91d0f95e9e.sol#26-37):
	External calls:
	- TransferLog.AddMessage(msg.sender,msg.value,Deposit) (/data/demo_analysis/source_code/0x941d225236464a25eb18076df7da6a91d0f95e9e.sol#32-33)
	State variables written after the call(s):
	- lastBlock (/data/demo_analysis/source_code/0x941d225236464a25eb18076df7da6a91d0f95e9e.sol#34-37)
Reference: https://github.com/trailofbits/slither/wiki/Detectors-Documentation#reentrancy-vulnerabilities-2[0m
INFO:Detectors:[92m
ETH_FUND.MinDeposit should be constant (/data/demo_analysis/source_code/0x941d225236464a25eb18076df7da6a91d0f95e9e.sol#13-15)
Reference: https://github.com/trailofbits/slither/wiki/Detectors-Documentation#state-variables-that-could-be-declared-constant[0m
INFO:Detectors:[92m
ETH_FUND.Deposit (/data/demo_analysis/source_code/0x941d225236464a25eb18076df7da6a91d0f95e9e.sol#26-37) should be declared external
ETH_FUND.CashOut (/data/demo_analysis/source_code/0x941d225236464a25eb18076df7da6a91d0f95e9e.sol#38-55) should be declared external
ETH_FUND.fallback (/data/demo_analysis/source_code/0x941d225236464a25eb18076df7da6a91d0f95e9e.sol#56-59) should be declared external
Log.AddMessage (/data/demo_analysis/source_code/0x941d225236464a25eb18076df7da6a91d0f95e9e.sol#73-80) should be declared external
Reference: https://github.com/trailofbits/slither/wiki/Detectors-Documentation#public-function-that-could-be-declared-as-external[0m
INFO:Detectors:[92m
Detected issues with version pragma in /data/demo_analysis/source_code/0x941d225236464a25eb18076df7da6a91d0f95e9e.sol:
	- pragma solidity^0.4.19 (/data/demo_analysis/source_code/0x941d225236464a25eb18076df7da6a91d0f95e9e.sol#7-9): it allows old versions
Reference: https://github.com/trailofbits/slither/wiki/Detectors-Documentation#incorrect-version-of-solidity[0m
INFO:Detectors:[92m
Low level call in ETH_FUND.CashOut (/data/demo_analysis/source_code/0x941d225236464a25eb18076df7da6a91d0f95e9e.sol#38-55):
	-msg.sender.call.value(_am)() /data/demo_analysis/source_code/0x941d225236464a25eb18076df7da6a91d0f95e9e.sol#45-52
Reference: https://github.com/trailofbits/slither/wiki/Detectors-Documentation#low-level-calls[0m
INFO:Detectors:[92m
Contract 'ETH_FUND' (/data/demo_analysis/source_code/0x941d225236464a25eb18076df7da6a91d0f95e9e.sol#9-61) is not in CapWords
Function 'ETH_FUND.ETH_FUND' (/data/demo_analysis/source_code/0x941d225236464a25eb18076df7da6a91d0f95e9e.sol#19-25) is not in mixedCase
Parameter '_log' of ETH_FUND.ETH_FUND (/data/demo_analysis/source_code/0x941d225236464a25eb18076df7da6a91d0f95e9e.sol#20-21) is not in mixedCase
Function 'ETH_FUND.Deposit' (/data/demo_analysis/source_code/0x941d225236464a25eb18076df7da6a91d0f95e9e.sol#26-37) is not in mixedCase
Function 'ETH_FUND.CashOut' (/data/demo_analysis/source_code/0x941d225236464a25eb18076df7da6a91d0f95e9e.sol#38-55) is not in mixedCase
Parameter '_am' of ETH_FUND.CashOut (/data/demo_analysis/source_code/0x941d225236464a25eb18076df7da6a91d0f95e9e.sol#40-41) is not in mixedCase
Variable 'ETH_FUND.MinDeposit' (/data/demo_analysis/source_code/0x941d225236464a25eb18076df7da6a91d0f95e9e.sol#13-15) is not in mixedCase
Variable 'ETH_FUND.TransferLog' (/data/demo_analysis/source_code/0x941d225236464a25eb18076df7da6a91d0f95e9e.sol#15-17) is not in mixedCase
Function 'Log.AddMessage' (/data/demo_analysis/source_code/0x941d225236464a25eb18076df7da6a91d0f95e9e.sol#73-80) is not in mixedCase
Parameter '_adr' of Log.AddMessage (/data/demo_analysis/source_code/0x941d225236464a25eb18076df7da6a91d0f95e9e.sol#74) is not in mixedCase
Parameter '_val' of Log.AddMessage (/data/demo_analysis/source_code/0x941d225236464a25eb18076df7da6a91d0f95e9e.sol#74-75) is not in mixedCase
Parameter '_data' of Log.AddMessage (/data/demo_analysis/source_code/0x941d225236464a25eb18076df7da6a91d0f95e9e.sol#75) is not in mixedCase
Variable 'Log.History' (/data/demo_analysis/source_code/0x941d225236464a25eb18076df7da6a91d0f95e9e.sol#71) is not in mixedCase
Variable 'Log.LastMsg' (/data/demo_analysis/source_code/0x941d225236464a25eb18076df7da6a91d0f95e9e.sol#71-72) is not in mixedCase
Reference: https://github.com/trailofbits/slither/wiki/Detectors-Documentation#conformance-to-solidity-naming-conventions[0m
INFO:Slither:/data/demo_analysis/source_code/0x941d225236464a25eb18076df7da6a91d0f95e9e.sol analyzed (2 contracts), 23 result(s) found