INFO:Slither:Compilation warnings/errors on /data/honeyswap-farm2/source_code/0x7a8721a9d64c74da899424c1b52acbf58ddc9782.sol:
/data/honeyswap-farm2/source_code/0x7a8721a9d64c74da899424c1b52acbf58ddc9782.sol:23:5: Warning: Defining constructors as functions with the same name as the contract is deprecated. Use "constructor(...) { ... }" instead.
    function PrivateDeposit()
    ^ (Relevant source part starts here and spans across multiple lines).
/data/honeyswap-farm2/source_code/0x7a8721a9d64c74da899424c1b52acbf58ddc9782.sol:23:5: Warning: No visibility specified. Defaulting to "public". 
    function PrivateDeposit()
    ^ (Relevant source part starts here and spans across multiple lines).
/data/honeyswap-farm2/source_code/0x7a8721a9d64c74da899424c1b52acbf58ddc9782.sol:31:5: Warning: No visibility specified. Defaulting to "public". 
    function setLog(address _lib) onlyOwner
    ^ (Relevant source part starts here and spans across multiple lines).
/data/honeyswap-farm2/source_code/0x7a8721a9d64c74da899424c1b52acbf58ddc9782.sol:47:5: Warning: No visibility specified. Defaulting to "public". 
    function CashOut(uint _am)
    ^ (Relevant source part starts here and spans across multiple lines).

INFO:Detectors:[91m
Reentrancy in PrivateDeposit.CashOut (/data/honeyswap-farm2/source_code/0x7a8721a9d64c74da899424c1b52acbf58ddc9782.sol#49-64):
	External calls:
	- msg.sender.call.value(_am)() (/data/honeyswap-farm2/source_code/0x7a8721a9d64c74da899424c1b52acbf58ddc9782.sol#54-60)
	State variables written after the call(s):
	- balances (/data/honeyswap-farm2/source_code/0x7a8721a9d64c74da899424c1b52acbf58ddc9782.sol#55)
Reference: https://github.com/trailofbits/slither/wiki/Detectors-Documentation#reentrancy-vulnerabilities[0m
INFO:Detectors:[92m
PrivateDeposit.MinDeposit should be constant (/data/honeyswap-farm2/source_code/0x7a8721a9d64c74da899424c1b52acbf58ddc9782.sol#13-14)
Reference: https://github.com/trailofbits/slither/wiki/Detectors-Documentation#state-variables-that-could-be-declared-constant[0m
INFO:Detectors:[92m
PrivateDeposit.setLog (/data/honeyswap-farm2/source_code/0x7a8721a9d64c74da899424c1b52acbf58ddc9782.sol#31-37) should be declared external
PrivateDeposit.Deposit (/data/honeyswap-farm2/source_code/0x7a8721a9d64c74da899424c1b52acbf58ddc9782.sol#38-49) should be declared external
PrivateDeposit.CashOut (/data/honeyswap-farm2/source_code/0x7a8721a9d64c74da899424c1b52acbf58ddc9782.sol#49-64) should be declared external
PrivateDeposit.fallback (/data/honeyswap-farm2/source_code/0x7a8721a9d64c74da899424c1b52acbf58ddc9782.sol#66-69) should be declared external
Log.AddMessage (/data/honeyswap-farm2/source_code/0x7a8721a9d64c74da899424c1b52acbf58ddc9782.sol#82-88) should be declared external
Reference: https://github.com/trailofbits/slither/wiki/Detectors-Documentation#public-function-that-could-be-declared-as-external[0m
INFO:Detectors:[92m
Detected issues with version pragma in /data/honeyswap-farm2/source_code/0x7a8721a9d64c74da899424c1b52acbf58ddc9782.sol:
	- pragma solidity^0.4.19 (/data/honeyswap-farm2/source_code/0x7a8721a9d64c74da899424c1b52acbf58ddc9782.sol#7-9): it allows old versions
Reference: https://github.com/trailofbits/slither/wiki/Detectors-Documentation#incorrect-version-of-solidity[0m
INFO:Detectors:[92m
Low level call in PrivateDeposit.CashOut (/data/honeyswap-farm2/source_code/0x7a8721a9d64c74da899424c1b52acbf58ddc9782.sol#49-64):
	-msg.sender.call.value(_am)() /data/honeyswap-farm2/source_code/0x7a8721a9d64c74da899424c1b52acbf58ddc9782.sol#54-60
Reference: https://github.com/trailofbits/slither/wiki/Detectors-Documentation#low-level-calls[0m
INFO:Detectors:[92m
Function 'PrivateDeposit.PrivateDeposit' (/data/honeyswap-farm2/source_code/0x7a8721a9d64c74da899424c1b52acbf58ddc9782.sol#23-31) is not in mixedCase
Parameter '_lib' of PrivateDeposit.setLog (/data/honeyswap-farm2/source_code/0x7a8721a9d64c74da899424c1b52acbf58ddc9782.sol#33) is not in mixedCase
Function 'PrivateDeposit.Deposit' (/data/honeyswap-farm2/source_code/0x7a8721a9d64c74da899424c1b52acbf58ddc9782.sol#38-49) is not in mixedCase
Function 'PrivateDeposit.CashOut' (/data/honeyswap-farm2/source_code/0x7a8721a9d64c74da899424c1b52acbf58ddc9782.sol#49-64) is not in mixedCase
Parameter '_am' of PrivateDeposit.CashOut (/data/honeyswap-farm2/source_code/0x7a8721a9d64c74da899424c1b52acbf58ddc9782.sol#49-50) is not in mixedCase
Variable 'PrivateDeposit.MinDeposit' (/data/honeyswap-farm2/source_code/0x7a8721a9d64c74da899424c1b52acbf58ddc9782.sol#13-14) is not in mixedCase
Variable 'PrivateDeposit.TransferLog' (/data/honeyswap-farm2/source_code/0x7a8721a9d64c74da899424c1b52acbf58ddc9782.sol#16-18) is not in mixedCase
Function 'Log.AddMessage' (/data/honeyswap-farm2/source_code/0x7a8721a9d64c74da899424c1b52acbf58ddc9782.sol#82-88) is not in mixedCase
Parameter '_adr' of Log.AddMessage (/data/honeyswap-farm2/source_code/0x7a8721a9d64c74da899424c1b52acbf58ddc9782.sol#82-83) is not in mixedCase
Parameter '_val' of Log.AddMessage (/data/honeyswap-farm2/source_code/0x7a8721a9d64c74da899424c1b52acbf58ddc9782.sol#83) is not in mixedCase
Parameter '_data' of Log.AddMessage (/data/honeyswap-farm2/source_code/0x7a8721a9d64c74da899424c1b52acbf58ddc9782.sol#83-84) is not in mixedCase
Variable 'Log.History' (/data/honeyswap-farm2/source_code/0x7a8721a9d64c74da899424c1b52acbf58ddc9782.sol#79) is not in mixedCase
Variable 'Log.LastMsg' (/data/honeyswap-farm2/source_code/0x7a8721a9d64c74da899424c1b52acbf58ddc9782.sol#79-80) is not in mixedCase
Reference: https://github.com/trailofbits/slither/wiki/Detectors-Documentation#conformance-to-solidity-naming-conventions[0m
INFO:Slither:/data/honeyswap-farm2/source_code/0x7a8721a9d64c74da899424c1b52acbf58ddc9782.sol analyzed (2 contracts), 22 result(s) found