INFO:Slither:Compilation warnings/errors on /data/demo_analysis/source_code/0xb5e1b1ee15c6fa0e48fce100125569d430f1bd12.sol:
/data/demo_analysis/source_code/0xb5e1b1ee15c6fa0e48fce100125569d430f1bd12.sol:17:5: Warning: Defining constructors as functions with the same name as the contract is deprecated. Use "constructor(...) { ... }" instead.
    function Private_Bank(address _log)
    ^ (Relevant source part starts here and spans across multiple lines).
/data/demo_analysis/source_code/0xb5e1b1ee15c6fa0e48fce100125569d430f1bd12.sol:17:5: Warning: No visibility specified. Defaulting to "public". 
    function Private_Bank(address _log)
    ^ (Relevant source part starts here and spans across multiple lines).

INFO:Detectors:[91m
Reentrancy in Private_Bank.CashOut (/data/demo_analysis/source_code/0xb5e1b1ee15c6fa0e48fce100125569d430f1bd12.sol#34-49):
	External calls:
	- msg.sender.call.value(_am)() (/data/demo_analysis/source_code/0xb5e1b1ee15c6fa0e48fce100125569d430f1bd12.sol#41-48)
	State variables written after the call(s):
	- balances (/data/demo_analysis/source_code/0xb5e1b1ee15c6fa0e48fce100125569d430f1bd12.sol#43)
Reference: https://github.com/trailofbits/slither/wiki/Detectors-Documentation#reentrancy-vulnerabilities[0m
INFO:Detectors:[92m
Private_Bank.MinDeposit should be constant (/data/demo_analysis/source_code/0xb5e1b1ee15c6fa0e48fce100125569d430f1bd12.sol#13-15)
Reference: https://github.com/trailofbits/slither/wiki/Detectors-Documentation#state-variables-that-could-be-declared-constant[0m
INFO:Detectors:[92m
Private_Bank.Deposit (/data/demo_analysis/source_code/0xb5e1b1ee15c6fa0e48fce100125569d430f1bd12.sol#23-33) should be declared external
Private_Bank.CashOut (/data/demo_analysis/source_code/0xb5e1b1ee15c6fa0e48fce100125569d430f1bd12.sol#34-49) should be declared external
Private_Bank.fallback (/data/demo_analysis/source_code/0xb5e1b1ee15c6fa0e48fce100125569d430f1bd12.sol#52-55) should be declared external
Log.AddMessage (/data/demo_analysis/source_code/0xb5e1b1ee15c6fa0e48fce100125569d430f1bd12.sol#68-76) should be declared external
Reference: https://github.com/trailofbits/slither/wiki/Detectors-Documentation#public-function-that-could-be-declared-as-external[0m
INFO:Detectors:[92m
Detected issues with version pragma in /data/demo_analysis/source_code/0xb5e1b1ee15c6fa0e48fce100125569d430f1bd12.sol:
	- pragma solidity^0.4.19 (/data/demo_analysis/source_code/0xb5e1b1ee15c6fa0e48fce100125569d430f1bd12.sol#7-9): it allows old versions
Reference: https://github.com/trailofbits/slither/wiki/Detectors-Documentation#incorrect-version-of-solidity[0m
INFO:Detectors:[92m
Low level call in Private_Bank.CashOut (/data/demo_analysis/source_code/0xb5e1b1ee15c6fa0e48fce100125569d430f1bd12.sol#34-49):
	-msg.sender.call.value(_am)() /data/demo_analysis/source_code/0xb5e1b1ee15c6fa0e48fce100125569d430f1bd12.sol#41-48
Reference: https://github.com/trailofbits/slither/wiki/Detectors-Documentation#low-level-calls[0m
INFO:Detectors:[92m
Contract 'Private_Bank' (/data/demo_analysis/source_code/0xb5e1b1ee15c6fa0e48fce100125569d430f1bd12.sol#9-57) is not in CapWords
Function 'Private_Bank.Private_Bank' (/data/demo_analysis/source_code/0xb5e1b1ee15c6fa0e48fce100125569d430f1bd12.sol#17-22) is not in mixedCase
Parameter '_log' of Private_Bank.Private_Bank (/data/demo_analysis/source_code/0xb5e1b1ee15c6fa0e48fce100125569d430f1bd12.sol#18-19) is not in mixedCase
Function 'Private_Bank.Deposit' (/data/demo_analysis/source_code/0xb5e1b1ee15c6fa0e48fce100125569d430f1bd12.sol#23-33) is not in mixedCase
Function 'Private_Bank.CashOut' (/data/demo_analysis/source_code/0xb5e1b1ee15c6fa0e48fce100125569d430f1bd12.sol#34-49) is not in mixedCase
Parameter '_am' of Private_Bank.CashOut (/data/demo_analysis/source_code/0xb5e1b1ee15c6fa0e48fce100125569d430f1bd12.sol#35-37) is not in mixedCase
Variable 'Private_Bank.MinDeposit' (/data/demo_analysis/source_code/0xb5e1b1ee15c6fa0e48fce100125569d430f1bd12.sol#13-15) is not in mixedCase
Variable 'Private_Bank.TransferLog' (/data/demo_analysis/source_code/0xb5e1b1ee15c6fa0e48fce100125569d430f1bd12.sol#15-17) is not in mixedCase
Function 'Log.AddMessage' (/data/demo_analysis/source_code/0xb5e1b1ee15c6fa0e48fce100125569d430f1bd12.sol#68-76) is not in mixedCase
Parameter '_adr' of Log.AddMessage (/data/demo_analysis/source_code/0xb5e1b1ee15c6fa0e48fce100125569d430f1bd12.sol#70) is not in mixedCase
Parameter '_val' of Log.AddMessage (/data/demo_analysis/source_code/0xb5e1b1ee15c6fa0e48fce100125569d430f1bd12.sol#70-71) is not in mixedCase
Parameter '_data' of Log.AddMessage (/data/demo_analysis/source_code/0xb5e1b1ee15c6fa0e48fce100125569d430f1bd12.sol#71) is not in mixedCase
Variable 'Log.History' (/data/demo_analysis/source_code/0xb5e1b1ee15c6fa0e48fce100125569d430f1bd12.sol#67) is not in mixedCase
Variable 'Log.LastMsg' (/data/demo_analysis/source_code/0xb5e1b1ee15c6fa0e48fce100125569d430f1bd12.sol#67) is not in mixedCase
Reference: https://github.com/trailofbits/slither/wiki/Detectors-Documentation#conformance-to-solidity-naming-conventions[0m
INFO:Slither:/data/demo_analysis/source_code/0xb5e1b1ee15c6fa0e48fce100125569d430f1bd12.sol analyzed (2 contracts), 22 result(s) found