INFO:Slither:Compilation warnings/errors on /data/pancake-farm/source_code/LotteryRewardPool.sol:
[91m/data/pancake-farm/source_code/LotteryRewardPool.sol:3:1: Error: Source "@pancakeswap/pancake-swap-lib/contracts/token/BEP20/IBEP20.sol" not found: File not found.[0m
import '@pancakeswap/pancake-swap-lib/contracts/token/BEP20/IBEP20.sol';
^----------------------------------------------------------------------^
[91m/data/pancake-farm/source_code/LotteryRewardPool.sol:4:1: Error: Source "@pancakeswap/pancake-swap-lib/contracts/token/BEP20/SafeBEP20.sol" not found: File not found.[0m
import '@pancakeswap/pancake-swap-lib/contracts/token/BEP20/SafeBEP20.sol';
^-------------------------------------------------------------------------^
[91m/data/pancake-farm/source_code/LotteryRewardPool.sol:5:1: Error: Source "@pancakeswap/pancake-swap-lib/contracts/access/Ownable.sol" not found: File not found.[0m
import '@pancakeswap/pancake-swap-lib/contracts/access/Ownable.sol';
^------------------------------------------------------------------^
[91m/data/pancake-farm/source_code/MasterChef.sol:3:1: Error: Source "@pancakeswap/pancake-swap-lib/contracts/math/SafeMath.sol" not found: File not found.[0m
import '@pancakeswap/pancake-swap-lib/contracts/math/SafeMath.sol';
^-----------------------------------------------------------------^
[91m/data/pancake-farm/source_code/MasterChef.sol:4:1: Error: Source "@pancakeswap/pancake-swap-lib/contracts/token/BEP20/IBEP20.sol" not found: File not found.[0m
import '@pancakeswap/pancake-swap-lib/contracts/token/BEP20/IBEP20.sol';
^----------------------------------------------------------------------^
[91m/data/pancake-farm/source_code/MasterChef.sol:5:1: Error: Source "@pancakeswap/pancake-swap-lib/contracts/token/BEP20/SafeBEP20.sol" not found: File not found.[0m
import '@pancakeswap/pancake-swap-lib/contracts/token/BEP20/SafeBEP20.sol';
^-------------------------------------------------------------------------^
[91m/data/pancake-farm/source_code/MasterChef.sol:6:1: Error: Source "@pancakeswap/pancake-swap-lib/contracts/access/Ownable.sol" not found: File not found.[0m
import '@pancakeswap/pancake-swap-lib/contracts/access/Ownable.sol';
^------------------------------------------------------------------^
[91m/data/pancake-farm/source_code/CakeToken.sol:3:1: Error: Source "@pancakeswap/pancake-swap-lib/contracts/token/BEP20/BEP20.sol" not found: File not found.[0m
import "@pancakeswap/pancake-swap-lib/contracts/token/BEP20/BEP20.sol";
^---------------------------------------------------------------------^
[91m/data/pancake-farm/source_code/SyrupBar.sol:3:1: Error: Source "@pancakeswap/pancake-swap-lib/contracts/token/BEP20/BEP20.sol" not found: File not found.[0m
import "@pancakeswap/pancake-swap-lib/contracts/token/BEP20/BEP20.sol";
^---------------------------------------------------------------------^

INFO:SlitherSolcParsing:No contract were found in /data/pancake-farm/source_code/LotteryRewardPool.sol, check the correct compilation
WARNING:Slither:[91mNo contract was analyzed[0m
INFO:Slither:/data/pancake-farm/source_code/LotteryRewardPool.sol analyzed (0 contracts), 0 result(s) found