INFO:root:Contract /data/demo_analysis/source_code/0xb93430ce38ac4a6bb47fb1fc085ea669353fd89e.sol:Log:
INFO:symExec:Running, please wait...
Exception ctypes.ArgumentError: "argument 2: <type 'exceptions.Exception'>: timeout" in <bound method BoolSortRef.__del__ of Bool> ignored
INFO:symExec:	============ Results ===========
INFO:symExec:	 EVM code coverage: 	 95.7%
INFO:symExec:	 Money flow:    	 False
INFO:symExec:	 Balance disorder: 	 False
INFO:symExec:	 Hidden transfer: 	 False
INFO:symExec:	 Inheritance disorder: 	 False
INFO:symExec:	 Uninitialised struct: 	 False
INFO:symExec:	 Type overflow: 	 False
INFO:symExec:	 Skip empty string: 	 False
INFO:symExec:	 Hidden state update: 	 False
INFO:symExec:	 Straw man contract: 	 False
INFO:symExec:	 --- 254.06416297 seconds ---
INFO:symExec:	====== Analysis Completed ======
INFO:root:Contract /data/demo_analysis/source_code/0xb93430ce38ac4a6bb47fb1fc085ea669353fd89e.sol:PrivateBank:
INFO:symExec:Running, please wait...
INFO:symExec:	============ Results ===========
INFO:symExec:	 EVM code coverage: 	 99.8%
INFO:symExec:	 Money flow:    	 True
INFO:symExec:	 Balance disorder: 	 False
INFO:symExec:	 Hidden transfer: 	 False
INFO:symExec:	 Inheritance disorder: 	 False
INFO:symExec:	 Uninitialised struct: 	 False
INFO:symExec:	 Type overflow: 	 False
INFO:symExec:	 Skip empty string: 	 False
INFO:symExec:	 Hidden state update: 	 False
INFO:symExec:	 Straw man contract: 	 True
/data/demo_analysis/source_code/0xb93430ce38ac4a6bb47fb1fc085ea669353fd89e.sol:PrivateBank:41:17
TransferLog.AddMessage(msg.sender,_am,"CashOut")
^
INFO:symExec:	 --- 3.92496085167 seconds ---
INFO:symExec:	====== Analysis Completed ======

                       ___,,___                                   
                 _,-='=- =-  -`''--.__,,.._                       
              ,-;// /  - -       -   -= - '=.                     
            ,'///    -     -   -   =  - ==-=\`.                   
           |/// /  =    `. - =   == - =.=_,,._ `=/|               
          ///    -   -    \  - - = ,ndDMHHMM/  \               
        ,' - / /        / /\ =  - /MM(,,._`YQMML  `|              
       <_,=^Kkm / / / / ///H|wnWWdMKKK#''-;. `'0\  |              
              `''QkmmmmmnWMMM''WHMKKMM\   `--.  \> \             
                    `'''  `->>>    ``WHMb,.    `-_<@)             
                                      `'QMM`.                     
                                         `>>>                     
  _    _                        ____            _                 
 | |  | |                      |  _ \          | |                
 | |__| | ___  _ __   ___ _   _| |_) | __ _  __| | __ _  ___ _ __ 
 |  __  |/ _ \| '_ \ / _ \ | | |  _ < / _` |/ _` |/ _` |/ _ \ '__|
 | |  | | (_) | | | |  __/ |_| | |_) | (_| | (_| | (_| |  __/ |   
 |_|  |_|\___/|_| |_|\___|\__, |____/ \__,_|\__,_|\__, |\___|_|   
                           __/ |                   __/ |          
                          |___/                   |___/           


!!! SYMBOLIC EXECUTION TIMEOUT !!!