INFO:Slither:Compilation warnings/errors on /data/demo_analysis/source_code/0xb93430ce38ac4a6bb47fb1fc085ea669353fd89e.sol:
/data/demo_analysis/source_code/0xb93430ce38ac4a6bb47fb1fc085ea669353fd89e.sol:17:5: Warning: Defining constructors as functions with the same name as the contract is deprecated. Use "constructor(...) { ... }" instead.
    function PrivateBank(address _lib)
    ^ (Relevant source part starts here and spans across multiple lines).
/data/demo_analysis/source_code/0xb93430ce38ac4a6bb47fb1fc085ea669353fd89e.sol:17:5: Warning: No visibility specified. Defaulting to "public". 
    function PrivateBank(address _lib)
    ^ (Relevant source part starts here and spans across multiple lines).
/data/demo_analysis/source_code/0xb93430ce38ac4a6bb47fb1fc085ea669353fd89e.sol:33:5: Warning: No visibility specified. Defaulting to "public". 
    function CashOut(uint _am)
    ^ (Relevant source part starts here and spans across multiple lines).

INFO:Detectors:[91m
Reentrancy in PrivateBank.CashOut (/data/demo_analysis/source_code/0xb93430ce38ac4a6bb47fb1fc085ea669353fd89e.sol#34-47):
	External calls:
	- msg.sender.call.value(_am)() (/data/demo_analysis/source_code/0xb93430ce38ac4a6bb47fb1fc085ea669353fd89e.sol#39-46)
	State variables written after the call(s):
	- balances (/data/demo_analysis/source_code/0xb93430ce38ac4a6bb47fb1fc085ea669353fd89e.sol#41)
Reference: https://github.com/trailofbits/slither/wiki/Detectors-Documentation#reentrancy-vulnerabilities[0m
INFO:Detectors:[92m
PrivateBank.MinDeposit should be constant (/data/demo_analysis/source_code/0xb93430ce38ac4a6bb47fb1fc085ea669353fd89e.sol#13-15)
Reference: https://github.com/trailofbits/slither/wiki/Detectors-Documentation#state-variables-that-could-be-declared-constant[0m
INFO:Detectors:[92m
PrivateBank.Deposit (/data/demo_analysis/source_code/0xb93430ce38ac4a6bb47fb1fc085ea669353fd89e.sol#23-33) should be declared external
PrivateBank.CashOut (/data/demo_analysis/source_code/0xb93430ce38ac4a6bb47fb1fc085ea669353fd89e.sol#34-47) should be declared external
PrivateBank.fallback (/data/demo_analysis/source_code/0xb93430ce38ac4a6bb47fb1fc085ea669353fd89e.sol#50-53) should be declared external
Log.AddMessage (/data/demo_analysis/source_code/0xb93430ce38ac4a6bb47fb1fc085ea669353fd89e.sol#66-74) should be declared external
Reference: https://github.com/trailofbits/slither/wiki/Detectors-Documentation#public-function-that-could-be-declared-as-external[0m
INFO:Detectors:[92m
Detected issues with version pragma in /data/demo_analysis/source_code/0xb93430ce38ac4a6bb47fb1fc085ea669353fd89e.sol:
	- pragma solidity^0.4.19 (/data/demo_analysis/source_code/0xb93430ce38ac4a6bb47fb1fc085ea669353fd89e.sol#7-9): it allows old versions
Reference: https://github.com/trailofbits/slither/wiki/Detectors-Documentation#incorrect-version-of-solidity[0m
INFO:Detectors:[92m
Low level call in PrivateBank.CashOut (/data/demo_analysis/source_code/0xb93430ce38ac4a6bb47fb1fc085ea669353fd89e.sol#34-47):
	-msg.sender.call.value(_am)() /data/demo_analysis/source_code/0xb93430ce38ac4a6bb47fb1fc085ea669353fd89e.sol#39-46
Reference: https://github.com/trailofbits/slither/wiki/Detectors-Documentation#low-level-calls[0m
INFO:Detectors:[92m
Function 'PrivateBank.PrivateBank' (/data/demo_analysis/source_code/0xb93430ce38ac4a6bb47fb1fc085ea669353fd89e.sol#17-22) is not in mixedCase
Parameter '_lib' of PrivateBank.PrivateBank (/data/demo_analysis/source_code/0xb93430ce38ac4a6bb47fb1fc085ea669353fd89e.sol#18-19) is not in mixedCase
Function 'PrivateBank.Deposit' (/data/demo_analysis/source_code/0xb93430ce38ac4a6bb47fb1fc085ea669353fd89e.sol#23-33) is not in mixedCase
Function 'PrivateBank.CashOut' (/data/demo_analysis/source_code/0xb93430ce38ac4a6bb47fb1fc085ea669353fd89e.sol#34-47) is not in mixedCase
Parameter '_am' of PrivateBank.CashOut (/data/demo_analysis/source_code/0xb93430ce38ac4a6bb47fb1fc085ea669353fd89e.sol#35) is not in mixedCase
Variable 'PrivateBank.MinDeposit' (/data/demo_analysis/source_code/0xb93430ce38ac4a6bb47fb1fc085ea669353fd89e.sol#13-15) is not in mixedCase
Variable 'PrivateBank.TransferLog' (/data/demo_analysis/source_code/0xb93430ce38ac4a6bb47fb1fc085ea669353fd89e.sol#15-17) is not in mixedCase
Function 'Log.AddMessage' (/data/demo_analysis/source_code/0xb93430ce38ac4a6bb47fb1fc085ea669353fd89e.sol#66-74) is not in mixedCase
Parameter '_adr' of Log.AddMessage (/data/demo_analysis/source_code/0xb93430ce38ac4a6bb47fb1fc085ea669353fd89e.sol#68) is not in mixedCase
Parameter '_val' of Log.AddMessage (/data/demo_analysis/source_code/0xb93430ce38ac4a6bb47fb1fc085ea669353fd89e.sol#68-69) is not in mixedCase
Parameter '_data' of Log.AddMessage (/data/demo_analysis/source_code/0xb93430ce38ac4a6bb47fb1fc085ea669353fd89e.sol#69) is not in mixedCase
Variable 'Log.History' (/data/demo_analysis/source_code/0xb93430ce38ac4a6bb47fb1fc085ea669353fd89e.sol#65) is not in mixedCase
Variable 'Log.LastMsg' (/data/demo_analysis/source_code/0xb93430ce38ac4a6bb47fb1fc085ea669353fd89e.sol#65) is not in mixedCase
Reference: https://github.com/trailofbits/slither/wiki/Detectors-Documentation#conformance-to-solidity-naming-conventions[0m
INFO:Slither:/data/demo_analysis/source_code/0xb93430ce38ac4a6bb47fb1fc085ea669353fd89e.sol analyzed (2 contracts), 21 result(s) found