INFO:Slither:Compilation warnings/errors on /data/demo_analysis/source_code/0xa1fceeff3acc57d257b917e30c4df661401d6431.sol:
/data/demo_analysis/source_code/0xa1fceeff3acc57d257b917e30c4df661401d6431.sol:11:5: Warning: Defining constructors as functions with the same name as the contract is deprecated. Use "constructor(...) { ... }" instead.
    function AirDropContract() public {
    ^ (Relevant source part starts here and spans across multiple lines).
/data/demo_analysis/source_code/0xa1fceeff3acc57d257b917e30c4df661401d6431.sol:31:13: Warning: Return value of low-level calls not used.
            contract_address.call(id, msg.sender, tos[i], vs[i]);
            ^--------------------------------------------------^

INFO:Detectors:[92m
AirDropContract.transfer has external calls inside a loop:
	- contract_address.call(id,msg.sender,tos[i],vs[i]) (/data/demo_analysis/source_code/0xa1fceeff3acc57d257b917e30c4df661401d6431.sol#31-33)
Reference: https://github.com/trailofbits/slither/wiki/Detectors-Documentation/_edit#calls-inside-a-loop[0m
INFO:Detectors:[92m
AirDropContract.transfer (/data/demo_analysis/source_code/0xa1fceeff3acc57d257b917e30c4df661401d6431.sol#20-35) should be declared external
Reference: https://github.com/trailofbits/slither/wiki/Detectors-Documentation#public-function-that-could-be-declared-as-external[0m
INFO:Detectors:[92m
Detected issues with version pragma in /data/demo_analysis/source_code/0xa1fceeff3acc57d257b917e30c4df661401d6431.sol:
	- pragma solidity^0.4.18 (/data/demo_analysis/source_code/0xa1fceeff3acc57d257b917e30c4df661401d6431.sol#7-9): it allows old versions
Reference: https://github.com/trailofbits/slither/wiki/Detectors-Documentation#incorrect-version-of-solidity[0m
INFO:Detectors:[92m
Low level call in AirDropContract.transfer (/data/demo_analysis/source_code/0xa1fceeff3acc57d257b917e30c4df661401d6431.sol#20-35):
	-contract_address.call(id,msg.sender,tos[i],vs[i]) /data/demo_analysis/source_code/0xa1fceeff3acc57d257b917e30c4df661401d6431.sol#31-33
Reference: https://github.com/trailofbits/slither/wiki/Detectors-Documentation#low-level-calls[0m
INFO:Detectors:[92m
Function 'AirDropContract.AirDropContract' (/data/demo_analysis/source_code/0xa1fceeff3acc57d257b917e30c4df661401d6431.sol#11-14) is not in mixedCase
Parameter 'contract_address' of AirDropContract.transfer (/data/demo_analysis/source_code/0xa1fceeff3acc57d257b917e30c4df661401d6431.sol#20) is not in mixedCase
Reference: https://github.com/trailofbits/slither/wiki/Detectors-Documentation#conformance-to-solidity-naming-conventions[0m
INFO:Slither:/data/demo_analysis/source_code/0xa1fceeff3acc57d257b917e30c4df661401d6431.sol analyzed (1 contracts), 6 result(s) found