INFO:Slither:Compilation warnings/errors on /data/demo_analysis/source_code/0x958a8f594101d2c0485a52319f29b2647f2ebc06.sol:
/data/demo_analysis/source_code/0x958a8f594101d2c0485a52319f29b2647f2ebc06.sol:28:5: Warning: Defining constructors as functions with the same name as the contract is deprecated. Use "constructor(...) { ... }" instead.
    function Owned() {
    ^ (Relevant source part starts here and spans across multiple lines).
/data/demo_analysis/source_code/0x958a8f594101d2c0485a52319f29b2647f2ebc06.sol:93:5: Warning: Defining constructors as functions with the same name as the contract is deprecated. Use "constructor(...) { ... }" instead.
    function Marriage(address _owner) {
    ^ (Relevant source part starts here and spans across multiple lines).
/data/demo_analysis/source_code/0x958a8f594101d2c0485a52319f29b2647f2ebc06.sol:55:9: Warning: Return value of low-level calls not used.
        _dst.call.value(_value)(_data);
        ^----------------------------^
/data/demo_analysis/source_code/0x958a8f594101d2c0485a52319f29b2647f2ebc06.sol:88:17: Warning: "sha3" has been deprecated in favour of "keccak256"
        require(sha3(marriageStatus) == sha3("Married"));
                ^------------------^
/data/demo_analysis/source_code/0x958a8f594101d2c0485a52319f29b2647f2ebc06.sol:88:17: Warning: This function only accepts a single "bytes" argument. Please use "abi.encodePacked(...)" or a similar function to encode the data.
        require(sha3(marriageStatus) == sha3("Married"));
                ^------------------^
/data/demo_analysis/source_code/0x958a8f594101d2c0485a52319f29b2647f2ebc06.sol:88:17: Warning: The provided argument of type string storage ref is not implicitly convertible to expected type bytes memory.
        require(sha3(marriageStatus) == sha3("Married"));
                ^------------------^
/data/demo_analysis/source_code/0x958a8f594101d2c0485a52319f29b2647f2ebc06.sol:88:41: Warning: "sha3" has been deprecated in favour of "keccak256"
        require(sha3(marriageStatus) == sha3("Married"));
                                        ^-------------^
/data/demo_analysis/source_code/0x958a8f594101d2c0485a52319f29b2647f2ebc06.sol:119:9: Warning: Invoking events without "emit" prefix is deprecated.
        MajorEvent("Marrigage", vows, url);
        ^--------------------------------^
/data/demo_analysis/source_code/0x958a8f594101d2c0485a52319f29b2647f2ebc06.sol:133:9: Warning: Invoking events without "emit" prefix is deprecated.
        MajorEvent(name, description, url);
        ^--------------------------------^
/data/demo_analysis/source_code/0x958a8f594101d2c0485a52319f29b2647f2ebc06.sol:138:28: Warning: Using contract member "balance" inherited from the address type is deprecated. Convert the contract to "address" type to access the member, for example use "address(contract).balance" instead.
            owner.transfer(this.balance);
                           ^----------^
/data/demo_analysis/source_code/0x958a8f594101d2c0485a52319f29b2647f2ebc06.sol:141:9: Warning: Invoking events without "emit" prefix is deprecated.
        MessageSent(nameFrom, text, url, msg.value);
        ^-----------------------------------------^
/data/demo_analysis/source_code/0x958a8f594101d2c0485a52319f29b2647f2ebc06.sol:28:5: Warning: No visibility specified. Defaulting to "public". 
    function Owned() {
    ^ (Relevant source part starts here and spans across multiple lines).
/data/demo_analysis/source_code/0x958a8f594101d2c0485a52319f29b2647f2ebc06.sol:37:5: Warning: No visibility specified. Defaulting to "public". 
    function changeOwner(address _newOwner) onlyOwner {
    ^ (Relevant source part starts here and spans across multiple lines).
/data/demo_analysis/source_code/0x958a8f594101d2c0485a52319f29b2647f2ebc06.sol:44:5: Warning: No visibility specified. Defaulting to "public". 
    function acceptOwnership() {
    ^ (Relevant source part starts here and spans across multiple lines).
/data/demo_analysis/source_code/0x958a8f594101d2c0485a52319f29b2647f2ebc06.sol:53:5: Warning: No visibility specified. Defaulting to "public". 
    function execute(address _dst, uint _value, bytes _data) onlyOwner {
    ^ (Relevant source part starts here and spans across multiple lines).
/data/demo_analysis/source_code/0x958a8f594101d2c0485a52319f29b2647f2ebc06.sol:93:5: Warning: No visibility specified. Defaulting to "public". 
    function Marriage(address _owner) {
    ^ (Relevant source part starts here and spans across multiple lines).
/data/demo_analysis/source_code/0x958a8f594101d2c0485a52319f29b2647f2ebc06.sol:106:5: Warning: No visibility specified. Defaulting to "public". 
    function createMarriage(
    ^ (Relevant source part starts here and spans across multiple lines).
/data/demo_analysis/source_code/0x958a8f594101d2c0485a52319f29b2647f2ebc06.sol:123:5: Warning: No visibility specified. Defaulting to "public". 
    function setStatus(string status, string url) onlyOwner
    ^ (Relevant source part starts here and spans across multiple lines).
/data/demo_analysis/source_code/0x958a8f594101d2c0485a52319f29b2647f2ebc06.sol:130:5: Warning: No visibility specified. Defaulting to "public". 
    function setMajorEvent(string name, string description, string url) onlyOwner areMarried
    ^ (Relevant source part starts here and spans across multiple lines).
/data/demo_analysis/source_code/0x958a8f594101d2c0485a52319f29b2647f2ebc06.sol:136:5: Warning: No visibility specified. Defaulting to "public". 
    function sendMessage(string nameFrom, string text, string url) payable areMarried {
    ^ (Relevant source part starts here and spans across multiple lines).

INFO:Detectors:[91m
Marriage.sendMessage (/data/demo_analysis/source_code/0x958a8f594101d2c0485a52319f29b2647f2ebc06.sol#138-147) sends eth to arbitrary user
	Dangerous calls:
	- owner.transfer(this.balance) (/data/demo_analysis/source_code/0x958a8f594101d2c0485a52319f29b2647f2ebc06.sol#141-142)
Reference: https://github.com/trailofbits/slither/wiki/Detectors-Documentation#functions-that-send-ether-to-arbitrary-destinations[0m
INFO:Detectors:[92m
Deprecated standard detected @ /data/demo_analysis/source_code/0x958a8f594101d2c0485a52319f29b2647f2ebc06.sol#93-94:
	- Usage of "sha3()" should be replaced with "keccak256()"
Reference: https://github.com/trailofbits/slither/wiki/Detectors-Documentation#deprecated-standards[0m
INFO:Detectors:[92m
Owned.changeOwner (/data/demo_analysis/source_code/0x958a8f594101d2c0485a52319f29b2647f2ebc06.sol#37-40) should be declared external
Owned.acceptOwnership (/data/demo_analysis/source_code/0x958a8f594101d2c0485a52319f29b2647f2ebc06.sol#45-50) should be declared external
Owned.execute (/data/demo_analysis/source_code/0x958a8f594101d2c0485a52319f29b2647f2ebc06.sol#53-62) should be declared external
Marriage.numberOfMajorEvents (/data/demo_analysis/source_code/0x958a8f594101d2c0485a52319f29b2647f2ebc06.sol#98-102) should be declared external
Marriage.numberOfMessages (/data/demo_analysis/source_code/0x958a8f594101d2c0485a52319f29b2647f2ebc06.sol#105-108) should be declared external
Marriage.createMarriage (/data/demo_analysis/source_code/0x958a8f594101d2c0485a52319f29b2647f2ebc06.sol#110-125) should be declared external
Marriage.setStatus (/data/demo_analysis/source_code/0x958a8f594101d2c0485a52319f29b2647f2ebc06.sol#126-130) should be declared external
Marriage.sendMessage (/data/demo_analysis/source_code/0x958a8f594101d2c0485a52319f29b2647f2ebc06.sol#138-147) should be declared external
Reference: https://github.com/trailofbits/slither/wiki/Detectors-Documentation#public-function-that-could-be-declared-as-external[0m
INFO:Detectors:[92m
Detected issues with version pragma in /data/demo_analysis/source_code/0x958a8f594101d2c0485a52319f29b2647f2ebc06.sol:
	- pragma solidity^0.4.16 (/data/demo_analysis/source_code/0x958a8f594101d2c0485a52319f29b2647f2ebc06.sol#7-9): it allows old versions
Reference: https://github.com/trailofbits/slither/wiki/Detectors-Documentation#incorrect-version-of-solidity[0m
INFO:Detectors:[92m
Low level call in Owned.execute (/data/demo_analysis/source_code/0x958a8f594101d2c0485a52319f29b2647f2ebc06.sol#53-62):
	-_dst.call.value(_value)(_data) /data/demo_analysis/source_code/0x958a8f594101d2c0485a52319f29b2647f2ebc06.sol#60-62
Reference: https://github.com/trailofbits/slither/wiki/Detectors-Documentation#low-level-calls[0m
INFO:Detectors:[92m
Function 'Owned.Owned' (/data/demo_analysis/source_code/0x958a8f594101d2c0485a52319f29b2647f2ebc06.sol#29-32) is not in mixedCase
Parameter '_newOwner' of Owned.changeOwner (/data/demo_analysis/source_code/0x958a8f594101d2c0485a52319f29b2647f2ebc06.sol#38) is not in mixedCase
Parameter '_dst' of Owned.execute (/data/demo_analysis/source_code/0x958a8f594101d2c0485a52319f29b2647f2ebc06.sol#54) is not in mixedCase
Parameter '_value' of Owned.execute (/data/demo_analysis/source_code/0x958a8f594101d2c0485a52319f29b2647f2ebc06.sol#54) is not in mixedCase
Parameter '_data' of Owned.execute (/data/demo_analysis/source_code/0x958a8f594101d2c0485a52319f29b2647f2ebc06.sol#54) is not in mixedCase
Function 'Marriage.Marriage' (/data/demo_analysis/source_code/0x958a8f594101d2c0485a52319f29b2647f2ebc06.sol#97-98) is not in mixedCase
Parameter '_owner' of Marriage.Marriage (/data/demo_analysis/source_code/0x958a8f594101d2c0485a52319f29b2647f2ebc06.sol#97) is not in mixedCase
Parameter '_partner1' of Marriage.createMarriage (/data/demo_analysis/source_code/0x958a8f594101d2c0485a52319f29b2647f2ebc06.sol#112) is not in mixedCase
Parameter '_partner2' of Marriage.createMarriage (/data/demo_analysis/source_code/0x958a8f594101d2c0485a52319f29b2647f2ebc06.sol#112-113) is not in mixedCase
Parameter '_vows' of Marriage.createMarriage (/data/demo_analysis/source_code/0x958a8f594101d2c0485a52319f29b2647f2ebc06.sol#113) is not in mixedCase
Reference: https://github.com/trailofbits/slither/wiki/Detectors-Documentation#conformance-to-solidity-naming-conventions[0m
INFO:Slither:/data/demo_analysis/source_code/0x958a8f594101d2c0485a52319f29b2647f2ebc06.sol analyzed (2 contracts), 22 result(s) found