INFO:Detectors:[91m
Reentrancy in EtherStore.withdrawFunds (/data/access_control/source_code/etherstore.sol#20-30):
	External calls:
	- require(bool)(msg.sender.call.value(_weiToWithdraw)()) (/data/access_control/source_code/etherstore.sol#27)
	State variables written after the call(s):
	- balances (/data/access_control/source_code/etherstore.sol#28)
	- lastWithdrawTime (/data/access_control/source_code/etherstore.sol#29)
Reference: https://github.com/trailofbits/slither/wiki/Detectors-Documentation#reentrancy-vulnerabilities[0m
INFO:Detectors:[92m
EtherStore.withdrawalLimit should be constant (/data/access_control/source_code/etherstore.sol#12)
Reference: https://github.com/trailofbits/slither/wiki/Detectors-Documentation#state-variables-that-could-be-declared-constant[0m
INFO:Detectors:[92m
EtherStore.depositFunds (/data/access_control/source_code/etherstore.sol#16-18) should be declared external
EtherStore.withdrawFunds (/data/access_control/source_code/etherstore.sol#20-30) should be declared external
Reference: https://github.com/trailofbits/slither/wiki/Detectors-Documentation#public-function-that-could-be-declared-as-external[0m
INFO:Detectors:[92m
Detected issues with version pragma in /data/access_control/source_code/etherstore.sol:
	- pragma solidity^0.4.0 (/data/access_control/source_code/etherstore.sol#8): it allows old versions
Reference: https://github.com/trailofbits/slither/wiki/Detectors-Documentation#incorrect-version-of-solidity[0m
INFO:Detectors:[92m
Low level call in EtherStore.withdrawFunds (/data/access_control/source_code/etherstore.sol#20-30):
	-require(bool)(msg.sender.call.value(_weiToWithdraw)()) /data/access_control/source_code/etherstore.sol#27
Reference: https://github.com/trailofbits/slither/wiki/Detectors-Documentation#low-level-calls[0m
INFO:Detectors:[92m
Parameter '_weiToWithdraw' of EtherStore.withdrawFunds (/data/access_control/source_code/etherstore.sol#20) is not in mixedCase
Reference: https://github.com/trailofbits/slither/wiki/Detectors-Documentation#conformance-to-solidity-naming-conventions[0m
INFO:Slither:/data/access_control/source_code/etherstore.sol analyzed (1 contracts), 7 result(s) found