INFO:Slither:Compilation warnings/errors on /data/demo_analysis/source_code/0x7a4349a749e59a5736efb7826ee3496a2dfd5489.sol:
/data/demo_analysis/source_code/0x7a4349a749e59a5736efb7826ee3496a2dfd5489.sol:25:3485: Warning: Using contract member "balance" inherited from the address type is deprecated. Convert the contract to "address" type to access the member, for example use "address(contract).balance" instead.
 ... this.balance ... 
     ^----------^
/data/demo_analysis/source_code/0x7a4349a749e59a5736efb7826ee3496a2dfd5489.sol:26:33: Warning: Using contract member "balance" inherited from the address type is deprecated. Convert the contract to "address" type to access the member, for example use "address(contract).balance" instead.
            msg.sender.transfer(this.balance);
                                ^----------^
/data/demo_analysis/source_code/0x7a4349a749e59a5736efb7826ee3496a2dfd5489.sol:35:24: Warning: Using contract member "balance" inherited from the address type is deprecated. Convert the contract to "address" type to access the member, for example use "address(contract).balance" instead.
        Owner.transfer(this.balance);
                       ^----------^
/data/demo_analysis/source_code/0x7a4349a749e59a5736efb7826ee3496a2dfd5489.sol:44:9: Warning: Return value of low-level calls not used.
        adr.call.value(msg.value)(data);
        ^-----------------------------^

INFO:Detectors:[91m
WhaleGiveaway1.GetFreebie (/data/demo_analysis/source_code/0x7a4349a749e59a5736efb7826ee3496a2dfd5489.sol#20-30) sends eth to arbitrary user
	Dangerous calls:
	- msg.sender.transfer(this.balance) (/data/demo_analysis/source_code/0x7a4349a749e59a5736efb7826ee3496a2dfd5489.sol#26-27)
Reference: https://github.com/trailofbits/slither/wiki/Detectors-Documentation#functions-that-send-ether-to-arbitrary-destinations[0m
INFO:Detectors:[92m
WhaleGiveaway1.fallback (/data/demo_analysis/source_code/0x7a4349a749e59a5736efb7826ee3496a2dfd5489.sol#14-20) should be declared external
WhaleGiveaway1.GetFreebie (/data/demo_analysis/source_code/0x7a4349a749e59a5736efb7826ee3496a2dfd5489.sol#20-30) should be declared external
WhaleGiveaway1.withdraw (/data/demo_analysis/source_code/0x7a4349a749e59a5736efb7826ee3496a2dfd5489.sol#31-38) should be declared external
WhaleGiveaway1.Command (/data/demo_analysis/source_code/0x7a4349a749e59a5736efb7826ee3496a2dfd5489.sol#38-46) should be declared external
Reference: https://github.com/trailofbits/slither/wiki/Detectors-Documentation#public-function-that-could-be-declared-as-external[0m
INFO:Detectors:[92m
Detected issues with version pragma in /data/demo_analysis/source_code/0x7a4349a749e59a5736efb7826ee3496a2dfd5489.sol:
	- pragma solidity^0.4.19 (/data/demo_analysis/source_code/0x7a4349a749e59a5736efb7826ee3496a2dfd5489.sol#7-9): it allows old versions
Reference: https://github.com/trailofbits/slither/wiki/Detectors-Documentation#incorrect-version-of-solidity[0m
INFO:Detectors:[92m
Low level call in WhaleGiveaway1.Command (/data/demo_analysis/source_code/0x7a4349a749e59a5736efb7826ee3496a2dfd5489.sol#38-46):
	-adr.call.value(msg.value)(data) /data/demo_analysis/source_code/0x7a4349a749e59a5736efb7826ee3496a2dfd5489.sol
Reference: https://github.com/trailofbits/slither/wiki/Detectors-Documentation#low-level-calls[0m
INFO:Detectors:[92m
Function 'WhaleGiveaway1.GetFreebie' (/data/demo_analysis/source_code/0x7a4349a749e59a5736efb7826ee3496a2dfd5489.sol#20-30) is not in mixedCase
Function 'WhaleGiveaway1.Command' (/data/demo_analysis/source_code/0x7a4349a749e59a5736efb7826ee3496a2dfd5489.sol#38-46) is not in mixedCase
Variable 'WhaleGiveaway1.Owner' (/data/demo_analysis/source_code/0x7a4349a749e59a5736efb7826ee3496a2dfd5489.sol#11-13) is not in mixedCase
Reference: https://github.com/trailofbits/slither/wiki/Detectors-Documentation#conformance-to-solidity-naming-conventions[0m
INFO:Slither:/data/demo_analysis/source_code/0x7a4349a749e59a5736efb7826ee3496a2dfd5489.sol analyzed (1 contracts), 10 result(s) found