INFO:Slither:Compilation warnings/errors on /data/demo_analysis/source_code/0x627fa62ccbb1c1b04ffaecd72a53e37fc0e17839.sol:
/data/demo_analysis/source_code/0x627fa62ccbb1c1b04ffaecd72a53e37fc0e17839.sol:44:27: Warning: "sha3" has been deprecated in favour of "keccak256"
        token.call(bytes4(sha3("transfer(address,uint256)")),to,amount); 
                          ^-------------------------------^
/data/demo_analysis/source_code/0x627fa62ccbb1c1b04ffaecd72a53e37fc0e17839.sol:44:9: Warning: Return value of low-level calls not used.
        token.call(bytes4(sha3("transfer(address,uint256)")),to,amount); 
        ^-------------------------------------------------------------^
/data/demo_analysis/source_code/0x627fa62ccbb1c1b04ffaecd72a53e37fc0e17839.sol:61:5: Warning: No visibility specified. Defaulting to "public". 
    function()
    ^ (Relevant source part starts here and spans across multiple lines).
/data/demo_analysis/source_code/0x627fa62ccbb1c1b04ffaecd72a53e37fc0e17839.sol:67:5: Warning: No visibility specified. Defaulting to "public". 
    function Deposit() 
    ^ (Relevant source part starts here and spans across multiple lines).

INFO:Detectors:[91m
Reentrancy in TokenBank.WithdrawToHolder (/data/demo_analysis/source_code/0x627fa62ccbb1c1b04ffaecd72a53e37fc0e17839.sol#90-100):
	External calls:
	- _addr.call.value(_wei)() (/data/demo_analysis/source_code/0x627fa62ccbb1c1b04ffaecd72a53e37fc0e17839.sol#97-100)
	State variables written after the call(s):
	- Holders (/data/demo_analysis/source_code/0x627fa62ccbb1c1b04ffaecd72a53e37fc0e17839.sol)
Reference: https://github.com/trailofbits/slither/wiki/Detectors-Documentation#reentrancy-vulnerabilities[0m
INFO:Detectors:[91m
Token.owner (/data/demo_analysis/source_code/0x627fa62ccbb1c1b04ffaecd72a53e37fc0e17839.sol#39) shadows:
	- Ownable.owner (/data/demo_analysis/source_code/0x627fa62ccbb1c1b04ffaecd72a53e37fc0e17839.sol#12-14)
Reference: https://github.com/trailofbits/slither/wiki/Detectors-Documentation#state-variable-shadowing[0m
INFO:Detectors:[92m
Deprecated standard detected @ /data/demo_analysis/source_code/0x627fa62ccbb1c1b04ffaecd72a53e37fc0e17839.sol#44-50:
	- Usage of "sha3()" should be replaced with "keccak256()"
Reference: https://github.com/trailofbits/slither/wiki/Detectors-Documentation#deprecated-standards[0m
INFO:Detectors:[92m
Ownable.changeOwner (/data/demo_analysis/source_code/0x627fa62ccbb1c1b04ffaecd72a53e37fc0e17839.sol#14-21) should be declared external
Ownable.confirmOwner (/data/demo_analysis/source_code/0x627fa62ccbb1c1b04ffaecd72a53e37fc0e17839.sol#21-30) should be declared external
TokenBank.initTokenBank (/data/demo_analysis/source_code/0x627fa62ccbb1c1b04ffaecd72a53e37fc0e17839.sol#57-65) should be declared external
TokenBank.fallback (/data/demo_analysis/source_code/0x627fa62ccbb1c1b04ffaecd72a53e37fc0e17839.sol#67-70) should be declared external
TokenBank.WitdrawTokenToHolder (/data/demo_analysis/source_code/0x627fa62ccbb1c1b04ffaecd72a53e37fc0e17839.sol#77-89) should be declared external
TokenBank.WithdrawToHolder (/data/demo_analysis/source_code/0x627fa62ccbb1c1b04ffaecd72a53e37fc0e17839.sol#90-100) should be declared external
Reference: https://github.com/trailofbits/slither/wiki/Detectors-Documentation#public-function-that-could-be-declared-as-external[0m
INFO:Detectors:[92m
Detected issues with version pragma in /data/demo_analysis/source_code/0x627fa62ccbb1c1b04ffaecd72a53e37fc0e17839.sol:
	- pragma solidity^0.4.19 (/data/demo_analysis/source_code/0x627fa62ccbb1c1b04ffaecd72a53e37fc0e17839.sol#7-9): it allows old versions
Reference: https://github.com/trailofbits/slither/wiki/Detectors-Documentation#incorrect-version-of-solidity[0m
INFO:Detectors:[92m
Low level call in Token.WithdrawToken (/data/demo_analysis/source_code/0x627fa62ccbb1c1b04ffaecd72a53e37fc0e17839.sol#39-50):
	-token.call(bytes4(sha3()(transfer(address,uint256))),to,amount) /data/demo_analysis/source_code/0x627fa62ccbb1c1b04ffaecd72a53e37fc0e17839.sol#44-50
Low level call in TokenBank.WithdrawToHolder (/data/demo_analysis/source_code/0x627fa62ccbb1c1b04ffaecd72a53e37fc0e17839.sol#90-100):
	-_addr.call.value(_wei)() /data/demo_analysis/source_code/0x627fa62ccbb1c1b04ffaecd72a53e37fc0e17839.sol#97-100
Reference: https://github.com/trailofbits/slither/wiki/Detectors-Documentation#low-level-calls[0m
INFO:Detectors:[92m
Function 'Token.WithdrawToken' (/data/demo_analysis/source_code/0x627fa62ccbb1c1b04ffaecd72a53e37fc0e17839.sol#39-50) is not in mixedCase
Function 'TokenBank.Deposit' (/data/demo_analysis/source_code/0x627fa62ccbb1c1b04ffaecd72a53e37fc0e17839.sol#70-76) is not in mixedCase
Function 'TokenBank.WitdrawTokenToHolder' (/data/demo_analysis/source_code/0x627fa62ccbb1c1b04ffaecd72a53e37fc0e17839.sol#77-89) is not in mixedCase
Parameter '_to' of TokenBank.WitdrawTokenToHolder (/data/demo_analysis/source_code/0x627fa62ccbb1c1b04ffaecd72a53e37fc0e17839.sol#80) is not in mixedCase
Parameter '_token' of TokenBank.WitdrawTokenToHolder (/data/demo_analysis/source_code/0x627fa62ccbb1c1b04ffaecd72a53e37fc0e17839.sol#80-81) is not in mixedCase
Parameter '_amount' of TokenBank.WitdrawTokenToHolder (/data/demo_analysis/source_code/0x627fa62ccbb1c1b04ffaecd72a53e37fc0e17839.sol#81-82) is not in mixedCase
Function 'TokenBank.WithdrawToHolder' (/data/demo_analysis/source_code/0x627fa62ccbb1c1b04ffaecd72a53e37fc0e17839.sol#90-100) is not in mixedCase
Parameter '_addr' of TokenBank.WithdrawToHolder (/data/demo_analysis/source_code/0x627fa62ccbb1c1b04ffaecd72a53e37fc0e17839.sol#92-93) is not in mixedCase
Parameter '_wei' of TokenBank.WithdrawToHolder (/data/demo_analysis/source_code/0x627fa62ccbb1c1b04ffaecd72a53e37fc0e17839.sol#93-94) is not in mixedCase
Variable 'TokenBank.MinDeposit' (/data/demo_analysis/source_code/0x627fa62ccbb1c1b04ffaecd72a53e37fc0e17839.sol#51-52) is not in mixedCase
Variable 'TokenBank.Holders' (/data/demo_analysis/source_code/0x627fa62ccbb1c1b04ffaecd72a53e37fc0e17839.sol#53-54) is not in mixedCase
Reference: https://github.com/trailofbits/slither/wiki/Detectors-Documentation#conformance-to-solidity-naming-conventions[0m
INFO:Slither:/data/demo_analysis/source_code/0x627fa62ccbb1c1b04ffaecd72a53e37fc0e17839.sol analyzed (3 contracts), 23 result(s) found