INFO:Detectors:[91m
Reentrancy in PERSONAL_BANK.Collect (/data/demo_analysis/source_code/0x01f8c4e3fa3edeb29e514cba738d87ce8c091d3f.sol#49-66):
	External calls:
	- msg.sender.call.value(_am)() (/data/demo_analysis/source_code/0x01f8c4e3fa3edeb29e514cba738d87ce8c091d3f.sol#56-64)
	State variables written after the call(s):
	- balances (/data/demo_analysis/source_code/0x01f8c4e3fa3edeb29e514cba738d87ce8c091d3f.sol#57)
Reference: https://github.com/trailofbits/slither/wiki/Detectors-Documentation#reentrancy-vulnerabilities[0m
INFO:Detectors:[92m
PERSONAL_BANK.SetMinSum (/data/demo_analysis/source_code/0x01f8c4e3fa3edeb29e514cba738d87ce8c091d3f.sol#19-26) should be declared external
PERSONAL_BANK.SetLogFile (/data/demo_analysis/source_code/0x01f8c4e3fa3edeb29e514cba738d87ce8c091d3f.sol#26-33) should be declared external
PERSONAL_BANK.Initialized (/data/demo_analysis/source_code/0x01f8c4e3fa3edeb29e514cba738d87ce8c091d3f.sol#34-40) should be declared external
PERSONAL_BANK.Collect (/data/demo_analysis/source_code/0x01f8c4e3fa3edeb29e514cba738d87ce8c091d3f.sol#49-66) should be declared external
PERSONAL_BANK.fallback (/data/demo_analysis/source_code/0x01f8c4e3fa3edeb29e514cba738d87ce8c091d3f.sol#67-77) should be declared external
LogFile.AddMessage (/data/demo_analysis/source_code/0x01f8c4e3fa3edeb29e514cba738d87ce8c091d3f.sol#90-96) should be declared external
Reference: https://github.com/trailofbits/slither/wiki/Detectors-Documentation#public-function-that-could-be-declared-as-external[0m
INFO:Detectors:[92m
Detected issues with version pragma in /data/demo_analysis/source_code/0x01f8c4e3fa3edeb29e514cba738d87ce8c091d3f.sol:
	- pragma solidity^0.4.19 (/data/demo_analysis/source_code/0x01f8c4e3fa3edeb29e514cba738d87ce8c091d3f.sol#7-9): it allows old versions
Reference: https://github.com/trailofbits/slither/wiki/Detectors-Documentation#incorrect-version-of-solidity[0m
INFO:Detectors:[92m
Low level call in PERSONAL_BANK.Collect (/data/demo_analysis/source_code/0x01f8c4e3fa3edeb29e514cba738d87ce8c091d3f.sol#49-66):
	-msg.sender.call.value(_am)() /data/demo_analysis/source_code/0x01f8c4e3fa3edeb29e514cba738d87ce8c091d3f.sol#56-64
Reference: https://github.com/trailofbits/slither/wiki/Detectors-Documentation#low-level-calls[0m
INFO:Detectors:[92m
Contract 'PERSONAL_BANK' (/data/demo_analysis/source_code/0x01f8c4e3fa3edeb29e514cba738d87ce8c091d3f.sol#9-77) is not in CapWords
Function 'PERSONAL_BANK.SetMinSum' (/data/demo_analysis/source_code/0x01f8c4e3fa3edeb29e514cba738d87ce8c091d3f.sol#19-26) is not in mixedCase
Parameter '_val' of PERSONAL_BANK.SetMinSum (/data/demo_analysis/source_code/0x01f8c4e3fa3edeb29e514cba738d87ce8c091d3f.sol#20-21) is not in mixedCase
Function 'PERSONAL_BANK.SetLogFile' (/data/demo_analysis/source_code/0x01f8c4e3fa3edeb29e514cba738d87ce8c091d3f.sol#26-33) is not in mixedCase
Parameter '_log' of PERSONAL_BANK.SetLogFile (/data/demo_analysis/source_code/0x01f8c4e3fa3edeb29e514cba738d87ce8c091d3f.sol#28-29) is not in mixedCase
Function 'PERSONAL_BANK.Initialized' (/data/demo_analysis/source_code/0x01f8c4e3fa3edeb29e514cba738d87ce8c091d3f.sol#34-40) is not in mixedCase
Function 'PERSONAL_BANK.Deposit' (/data/demo_analysis/source_code/0x01f8c4e3fa3edeb29e514cba738d87ce8c091d3f.sol#41-48) is not in mixedCase
Function 'PERSONAL_BANK.Collect' (/data/demo_analysis/source_code/0x01f8c4e3fa3edeb29e514cba738d87ce8c091d3f.sol#49-66) is not in mixedCase
Parameter '_am' of PERSONAL_BANK.Collect (/data/demo_analysis/source_code/0x01f8c4e3fa3edeb29e514cba738d87ce8c091d3f.sol#51) is not in mixedCase
Variable 'PERSONAL_BANK.MinSum' (/data/demo_analysis/source_code/0x01f8c4e3fa3edeb29e514cba738d87ce8c091d3f.sol#13-15) is not in mixedCase
Variable 'PERSONAL_BANK.Log' (/data/demo_analysis/source_code/0x01f8c4e3fa3edeb29e514cba738d87ce8c091d3f.sol#15-17) is not in mixedCase
Function 'LogFile.AddMessage' (/data/demo_analysis/source_code/0x01f8c4e3fa3edeb29e514cba738d87ce8c091d3f.sol#90-96) is not in mixedCase
Parameter '_adr' of LogFile.AddMessage (/data/demo_analysis/source_code/0x01f8c4e3fa3edeb29e514cba738d87ce8c091d3f.sol#91) is not in mixedCase
Parameter '_val' of LogFile.AddMessage (/data/demo_analysis/source_code/0x01f8c4e3fa3edeb29e514cba738d87ce8c091d3f.sol#91) is not in mixedCase
Parameter '_data' of LogFile.AddMessage (/data/demo_analysis/source_code/0x01f8c4e3fa3edeb29e514cba738d87ce8c091d3f.sol#91-92) is not in mixedCase
Variable 'LogFile.History' (/data/demo_analysis/source_code/0x01f8c4e3fa3edeb29e514cba738d87ce8c091d3f.sol#87) is not in mixedCase
Variable 'LogFile.LastMsg' (/data/demo_analysis/source_code/0x01f8c4e3fa3edeb29e514cba738d87ce8c091d3f.sol#88-89) is not in mixedCase
Reference: https://github.com/trailofbits/slither/wiki/Detectors-Documentation#conformance-to-solidity-naming-conventions[0m
INFO:Slither:/data/demo_analysis/source_code/0x01f8c4e3fa3edeb29e514cba738d87ce8c091d3f.sol analyzed (2 contracts), 26 result(s) found