INFO:Slither:Compilation warnings/errors on /data/demo_analysis/source_code/0x9d06cbafa865037a01d322d3f4222fa3e04e5488.sol:
/data/demo_analysis/source_code/0x9d06cbafa865037a01d322d3f4222fa3e04e5488.sol:84:13: Warning: "throw" is deprecated in favour of "revert()", "require()" and "assert()".
            throw;
            ^---^
/data/demo_analysis/source_code/0x9d06cbafa865037a01d322d3f4222fa3e04e5488.sol:44:9: Warning: This declaration shadows an existing declaration.
        uint tokens_buy = msg.value*10**18/token_price;
        ^-------------^
/data/demo_analysis/source_code/0x9d06cbafa865037a01d322d3f4222fa3e04e5488.sol:39:5: The shadowed declaration is here:
    function tokens_buy() payable returns (bool) {         
    ^ (Relevant source part starts here and spans across multiple lines).

/data/demo_analysis/source_code/0x9d06cbafa865037a01d322d3f4222fa3e04e5488.sol:25:25: Warning: This looks like an address but has an invalid checksum. If this is not used as an address, please prepend '00'. Correct checksummed address: '0x788C45Dd60aE4dBE5055b5Ac02384D5dc84677b0'. For more information please see https://solidity.readthedocs.io/en/develop/types.html#address-literals
	address public owner = 0x788c45dd60ae4dbe5055b5ac02384d5dc84677b0;	
	                       ^----------------------------------------^
/data/demo_analysis/source_code/0x9d06cbafa865037a01d322d3f4222fa3e04e5488.sol:48:27: Warning: "sha3" has been deprecated in favour of "keccak256"
        if(!c.call(bytes4(sha3("transferFrom(address,address,uint256)")),owner, msg.sender,tokens_buy)){
                          ^-------------------------------------------^
/data/demo_analysis/source_code/0x9d06cbafa865037a01d322d3f4222fa3e04e5488.sol:54:9: Warning: Failure condition of 'send' ignored. Consider using 'transfer' instead.
        owner2.send(sum2);
        ^---------------^
/data/demo_analysis/source_code/0x9d06cbafa865037a01d322d3f4222fa3e04e5488.sol:62:21: Warning: Using contract member "balance" inherited from the address type is deprecated. Convert the contract to "address" type to access the member, for example use "address(contract).balance" instead.
          balance = this.balance;
                    ^----------^
/data/demo_analysis/source_code/0x9d06cbafa865037a01d322d3f4222fa3e04e5488.sol:65:11: Warning: Failure condition of 'send' ignored. Consider using 'transfer' instead.
          owner.send(balance);
          ^-----------------^
/data/demo_analysis/source_code/0x9d06cbafa865037a01d322d3f4222fa3e04e5488.sol:32:2: Warning: No visibility specified. Defaulting to "public". 
	function() payable {        
 ^ (Relevant source part starts here and spans across multiple lines).
/data/demo_analysis/source_code/0x9d06cbafa865037a01d322d3f4222fa3e04e5488.sol:39:5: Warning: No visibility specified. Defaulting to "public". 
    function tokens_buy() payable returns (bool) {         
    ^ (Relevant source part starts here and spans across multiple lines).
/data/demo_analysis/source_code/0x9d06cbafa865037a01d322d3f4222fa3e04e5488.sol:60:7: Warning: No visibility specified. Defaulting to "public". 
      function withdraw(uint256 _amount) onlyOwner returns (bool result) {
      ^ (Relevant source part starts here and spans across multiple lines).
/data/demo_analysis/source_code/0x9d06cbafa865037a01d322d3f4222fa3e04e5488.sol:70:7: Warning: No visibility specified. Defaulting to "public". 
      function change_token_price(uint256 _token_price) onlyOwner returns (bool result) {
      ^ (Relevant source part starts here and spans across multiple lines).
/data/demo_analysis/source_code/0x9d06cbafa865037a01d322d3f4222fa3e04e5488.sol:76:7: Warning: No visibility specified. Defaulting to "public". 
      function change_active(uint256 _active) onlyOwner returns (bool result) {
      ^ (Relevant source part starts here and spans across multiple lines).

INFO:Detectors:[92m
Delta.tokens_buy.tokens_buy (local variable @ /data/demo_analysis/source_code/0x9d06cbafa865037a01d322d3f4222fa3e04e5488.sol#44-48) shadows:
	- Delta.tokens_buy (function @ /data/demo_analysis/source_code/0x9d06cbafa865037a01d322d3f4222fa3e04e5488.sol#39-59)
Reference: https://github.com/trailofbits/slither/wiki/Detectors-Documentation#local-variable-shadowing[0m
INFO:Detectors:[92m
Delta.c should be constant (/data/demo_analysis/source_code/0x9d06cbafa865037a01d322d3f4222fa3e04e5488.sol#24-25)
Delta.owner should be constant (/data/demo_analysis/source_code/0x9d06cbafa865037a01d322d3f4222fa3e04e5488.sol#25-26)
Delta.owner2 should be constant (/data/demo_analysis/source_code/0x9d06cbafa865037a01d322d3f4222fa3e04e5488.sol#26-27)
Reference: https://github.com/trailofbits/slither/wiki/Detectors-Documentation#state-variables-that-could-be-declared-constant[0m
INFO:Detectors:[92m
Deprecated standard detected @ /data/demo_analysis/source_code/0x9d06cbafa865037a01d322d3f4222fa3e04e5488.sol#48-52:
	- Usage of "sha3()" should be replaced with "keccak256()"
Deprecated standard detected @ /data/demo_analysis/source_code/0x9d06cbafa865037a01d322d3f4222fa3e04e5488.sol:
	- Usage of "throw" should be replaced with "revert()"
Reference: https://github.com/trailofbits/slither/wiki/Detectors-Documentation#deprecated-standards[0m
INFO:Detectors:[92m
Delta.fallback (/data/demo_analysis/source_code/0x9d06cbafa865037a01d322d3f4222fa3e04e5488.sol#33-39) should be declared external
Delta.withdraw (/data/demo_analysis/source_code/0x9d06cbafa865037a01d322d3f4222fa3e04e5488.sol#60-70) should be declared external
Delta.change_token_price (/data/demo_analysis/source_code/0x9d06cbafa865037a01d322d3f4222fa3e04e5488.sol#70-76) should be declared external
Delta.change_active (/data/demo_analysis/source_code/0x9d06cbafa865037a01d322d3f4222fa3e04e5488.sol#77-82) should be declared external
Reference: https://github.com/trailofbits/slither/wiki/Detectors-Documentation#public-function-that-could-be-declared-as-external[0m
INFO:Detectors:[92m
Detected issues with version pragma in /data/demo_analysis/source_code/0x9d06cbafa865037a01d322d3f4222fa3e04e5488.sol:
	- pragma solidity^0.4.23 (/data/demo_analysis/source_code/0x9d06cbafa865037a01d322d3f4222fa3e04e5488.sol#7): it allows old versions
Reference: https://github.com/trailofbits/slither/wiki/Detectors-Documentation#incorrect-version-of-solidity[0m
INFO:Detectors:[92m
Low level call in Delta.tokens_buy (/data/demo_analysis/source_code/0x9d06cbafa865037a01d322d3f4222fa3e04e5488.sol#39-59):
	-! c.call(bytes4(sha3()(transferFrom(address,address,uint256))),owner,msg.sender,tokens_buy) /data/demo_analysis/source_code/0x9d06cbafa865037a01d322d3f4222fa3e04e5488.sol#48-52
Reference: https://github.com/trailofbits/slither/wiki/Detectors-Documentation#low-level-calls[0m
INFO:Detectors:[92m
Function 'Delta.tokens_buy' (/data/demo_analysis/source_code/0x9d06cbafa865037a01d322d3f4222fa3e04e5488.sol#39-59) is not in mixedCase
Parameter '_amount' of Delta.withdraw (/data/demo_analysis/source_code/0x9d06cbafa865037a01d322d3f4222fa3e04e5488.sol#61) is not in mixedCase
Function 'Delta.change_token_price' (/data/demo_analysis/source_code/0x9d06cbafa865037a01d322d3f4222fa3e04e5488.sol#70-76) is not in mixedCase
Parameter '_token_price' of Delta.change_token_price (/data/demo_analysis/source_code/0x9d06cbafa865037a01d322d3f4222fa3e04e5488.sol#71) is not in mixedCase
Function 'Delta.change_active' (/data/demo_analysis/source_code/0x9d06cbafa865037a01d322d3f4222fa3e04e5488.sol#77-82) is not in mixedCase
Parameter '_active' of Delta.change_active (/data/demo_analysis/source_code/0x9d06cbafa865037a01d322d3f4222fa3e04e5488.sol#77-78) is not in mixedCase
Variable 'Delta.token_price' (/data/demo_analysis/source_code/0x9d06cbafa865037a01d322d3f4222fa3e04e5488.sol#29-31) is not in mixedCase
Reference: https://github.com/trailofbits/slither/wiki/Detectors-Documentation#conformance-to-solidity-naming-conventions[0m
INFO:Slither:/data/demo_analysis/source_code/0x9d06cbafa865037a01d322d3f4222fa3e04e5488.sol analyzed (1 contracts), 17 result(s) found