INFO:Slither:Compilation warnings/errors on /data/demo_analysis_2/source_code/crypto_roulette.sol:
/data/demo_analysis_2/source_code/crypto_roulette.sol:27:5: Warning: Defining constructors as functions with the same name as the contract is deprecated. Use "constructor(...) { ... }" instead.
    function CryptoRoulette() public {
    ^ (Relevant source part starts here and spans across multiple lines).
/data/demo_analysis_2/source_code/crypto_roulette.sol:40:9: Warning: Variable is declared as a storage pointer. Use an explicit "storage" keyword to silence this warning.
        Game game; //Uninitialized storage pointer
        ^-------^
/data/demo_analysis_2/source_code/crypto_roulette.sol:34:30: Warning: "sha3" has been deprecated in favour of "keccak256"
        secretNumber = uint8(sha3(now, block.blockhash(block.number-1))) % 20 + 1;
                             ^----------------------------------------^
/data/demo_analysis_2/source_code/crypto_roulette.sol:34:30: Warning: This function only accepts a single "bytes" argument. Please use "abi.encodePacked(...)" or a similar function to encode the data.
        secretNumber = uint8(sha3(now, block.blockhash(block.number-1))) % 20 + 1;
                             ^----------------------------------------^
/data/demo_analysis_2/source_code/crypto_roulette.sol:40:9: Warning: Uninitialized storage pointer. Did you mean '<type> memory game'?
        Game game; //Uninitialized storage pointer
        ^-------^
/data/demo_analysis_2/source_code/crypto_roulette.sol:47:33: Warning: Using contract member "balance" inherited from the address type is deprecated. Convert the contract to "address" type to access the member, for example use "address(contract).balance" instead.
            msg.sender.transfer(this.balance);
                                ^----------^
/data/demo_analysis_2/source_code/crypto_roulette.sol:56:13: Warning: "suicide" has been deprecated in favour of "selfdestruct"
            suicide(msg.sender);
            ^-----------------^
/data/demo_analysis_2/source_code/crypto_roulette.sol:34:40: Warning: "block.blockhash()" has been deprecated in favor of "blockhash()"
        secretNumber = uint8(sha3(now, block.blockhash(block.number-1))) % 20 + 1;
                                       ^-------------^

INFO:Detectors:[91m
CryptoRoulette.play (/data/demo_analysis_2/source_code/crypto_roulette.sol#37-52) sends eth to arbitrary user
	Dangerous calls:
	- msg.sender.transfer(this.balance) (/data/demo_analysis_2/source_code/crypto_roulette.sol#47)
Reference: https://github.com/trailofbits/slither/wiki/Detectors-Documentation#functions-that-send-ether-to-arbitrary-destinations[0m
INFO:Detectors:[91m
game in CryptoRoulette.play (/data/demo_analysis_2/source_code/crypto_roulette.sol#40) is a storage variable never initialiazed
Reference: https://github.com/trailofbits/slither/wiki/Detectors-Documentation#uninitialized-storage-variables[0m
INFO:Detectors:[93m
CryptoRoulette.play (/data/demo_analysis_2/source_code/crypto_roulette.sol#37-52) uses a dangerous strict equality:
	- number == secretNumber
Reference: https://github.com/trailofbits/slither/wiki/Detectors-Documentation#dangerous-strict-equalities[0m
INFO:Detectors:[92m
CryptoRoulette.betPrice should be constant (/data/demo_analysis_2/source_code/crypto_roulette.sol#18)
Reference: https://github.com/trailofbits/slither/wiki/Detectors-Documentation#state-variables-that-could-be-declared-constant[0m
INFO:Detectors:[92m
Deprecated standard detected @ /data/demo_analysis_2/source_code/crypto_roulette.sol#34:
	- Usage of "block.blockhash()" should be replaced with "blockhash()"
	- Usage of "sha3()" should be replaced with "keccak256()"
Deprecated standard detected @ /data/demo_analysis_2/source_code/crypto_roulette.sol#56:
	- Usage of "suicide()" should be replaced with "selfdestruct()"
Reference: https://github.com/trailofbits/slither/wiki/Detectors-Documentation#deprecated-standards[0m
INFO:Detectors:[92m
CryptoRoulette.play (/data/demo_analysis_2/source_code/crypto_roulette.sol#37-52) should be declared external
CryptoRoulette.kill (/data/demo_analysis_2/source_code/crypto_roulette.sol#54-58) should be declared external
CryptoRoulette.fallback (/data/demo_analysis_2/source_code/crypto_roulette.sol#60) should be declared external
Reference: https://github.com/trailofbits/slither/wiki/Detectors-Documentation#public-function-that-could-be-declared-as-external[0m
INFO:Detectors:[92m
Detected issues with version pragma in /data/demo_analysis_2/source_code/crypto_roulette.sol:
	- pragma solidity^0.4.19 (/data/demo_analysis_2/source_code/crypto_roulette.sol#5): it allows old versions
Reference: https://github.com/trailofbits/slither/wiki/Detectors-Documentation#incorrect-version-of-solidity[0m
INFO:Detectors:[92m
Function 'CryptoRoulette.CryptoRoulette' (/data/demo_analysis_2/source_code/crypto_roulette.sol#27-30) is not in mixedCase
Reference: https://github.com/trailofbits/slither/wiki/Detectors-Documentation#conformance-to-solidity-naming-conventions[0m
INFO:Slither:/data/demo_analysis_2/source_code/crypto_roulette.sol analyzed (1 contracts), 11 result(s) found